2022/02/01 18:46:50 [notice] 1#1: using the "epoll" event method
2022/02/01 18:46:50 [notice] 1#1: nginx/1.21.0
2022/02/01 18:46:50 [notice] 1#1: built by gcc 10.2.1 20201203 (Alpine 10.2.1_pre1) 
2022/02/01 18:46:50 [notice] 1#1: OS: Linux 5.13.0-27-generic
2022/02/01 18:46:50 [notice] 1#1: getrlimit(RLIMIT_NOFILE): 1048576:1048576
2022/02/01 18:46:50 [notice] 1#1: start worker processes
2022/02/01 18:46:50 [notice] 1#1: start worker process 31
2022/02/01 18:46:50 [notice] 1#1: start worker process 32
2022/02/01 22:38:02 [notice] 1#1: signal 3 (SIGQUIT) received, shutting down
2022/02/01 22:38:02 [notice] 31#31: gracefully shutting down
2022/02/01 22:38:02 [notice] 32#32: gracefully shutting down
2022/02/01 22:38:02 [notice] 32#32: exiting
2022/02/01 22:38:02 [notice] 32#32: exit
2022/02/01 22:38:02 [notice] 31#31: exiting
2022/02/01 22:38:02 [notice] 31#31: exit
2022/02/01 22:38:05 [notice] 1#1: signal 17 (SIGCHLD) received from 31
2022/02/01 22:38:05 [notice] 1#1: worker process 31 exited with code 0
2022/02/01 22:38:05 [notice] 1#1: worker process 32 exited with code 0
2022/02/01 22:38:05 [notice] 1#1: exit
2022/02/02 12:56:13 [notice] 1#1: using the "epoll" event method
2022/02/02 12:56:13 [notice] 1#1: nginx/1.21.0
2022/02/02 12:56:13 [notice] 1#1: built by gcc 10.2.1 20201203 (Alpine 10.2.1_pre1) 
2022/02/02 12:56:13 [notice] 1#1: OS: Linux 5.13.0-27-generic
2022/02/02 12:56:13 [notice] 1#1: getrlimit(RLIMIT_NOFILE): 1048576:1048576
2022/02/02 12:56:13 [notice] 1#1: start worker processes
2022/02/02 12:56:13 [notice] 1#1: start worker process 31
2022/02/02 12:56:13 [notice] 1#1: start worker process 32
2022/02/02 13:00:22 [notice] 1#1: signal 3 (SIGQUIT) received, shutting down
2022/02/02 13:00:22 [notice] 31#31: gracefully shutting down
2022/02/02 13:00:22 [notice] 31#31: exiting
2022/02/02 13:00:22 [notice] 31#31: exit
2022/02/02 13:00:22 [notice] 32#32: gracefully shutting down
2022/02/02 13:00:22 [notice] 32#32: exiting
2022/02/02 13:00:22 [notice] 32#32: exit
2022/02/02 13:00:22 [notice] 1#1: signal 17 (SIGCHLD) received from 32
2022/02/02 13:00:22 [notice] 1#1: worker process 32 exited with code 0
2022/02/02 13:00:22 [notice] 1#1: signal 29 (SIGIO) received
2022/02/02 13:00:22 [notice] 1#1: signal 17 (SIGCHLD) received from 31
2022/02/02 13:00:22 [notice] 1#1: worker process 31 exited with code 0
2022/02/02 13:00:22 [notice] 1#1: exit
2022/02/03 20:03:53 [notice] 1#1: using the "epoll" event method
2022/02/03 20:03:53 [notice] 1#1: nginx/1.21.0
2022/02/03 20:03:53 [notice] 1#1: built by gcc 10.2.1 20201203 (Alpine 10.2.1_pre1) 
2022/02/03 20:03:53 [notice] 1#1: OS: Linux 5.13.0-27-generic
2022/02/03 20:03:53 [notice] 1#1: getrlimit(RLIMIT_NOFILE): 1048576:1048576
2022/02/03 20:03:53 [notice] 1#1: start worker processes
2022/02/03 20:03:53 [notice] 1#1: start worker process 33
2022/02/03 20:03:53 [notice] 1#1: start worker process 34
2022/02/03 21:43:14 [notice] 1#1: signal 3 (SIGQUIT) received, shutting down
2022/02/03 21:43:14 [notice] 33#33: gracefully shutting down
2022/02/03 21:43:14 [notice] 33#33: exiting
2022/02/03 21:43:14 [notice] 33#33: exit
2022/02/03 21:43:14 [notice] 34#34: gracefully shutting down
2022/02/03 21:43:14 [notice] 34#34: exiting
2022/02/03 21:43:14 [notice] 34#34: exit
2022/02/03 21:43:15 [notice] 1#1: signal 17 (SIGCHLD) received from 33
2022/02/03 21:43:15 [notice] 1#1: worker process 33 exited with code 0
2022/02/03 21:43:15 [notice] 1#1: worker process 34 exited with code 0
2022/02/03 21:43:15 [notice] 1#1: exit
2022/02/10 18:56:08 [notice] 1#1: using the "epoll" event method
2022/02/10 18:56:08 [notice] 1#1: nginx/1.21.0
2022/02/10 18:56:08 [notice] 1#1: built by gcc 10.2.1 20201203 (Alpine 10.2.1_pre1) 
2022/02/10 18:56:08 [notice] 1#1: OS: Linux 5.13.0-27-generic
2022/02/10 18:56:08 [notice] 1#1: getrlimit(RLIMIT_NOFILE): 1048576:1048576
2022/02/10 18:56:08 [notice] 1#1: start worker processes
2022/02/10 18:56:08 [notice] 1#1: start worker process 31
2022/02/10 18:56:08 [notice] 1#1: start worker process 32
2022/02/10 22:33:14 [notice] 1#1: signal 3 (SIGQUIT) received, shutting down
2022/02/10 22:33:14 [notice] 31#31: gracefully shutting down
2022/02/10 22:33:14 [notice] 31#31: exiting
2022/02/10 22:33:14 [notice] 32#32: gracefully shutting down
2022/02/10 22:33:14 [notice] 32#32: exiting
2022/02/10 22:33:14 [notice] 31#31: exit
2022/02/10 22:33:14 [notice] 32#32: exit
2022/02/10 22:33:16 [notice] 1#1: signal 17 (SIGCHLD) received from 32
2022/02/10 22:33:16 [notice] 1#1: worker process 32 exited with code 0
2022/02/10 22:33:16 [notice] 1#1: signal 17 (SIGCHLD) received from 31
2022/02/10 22:33:16 [notice] 1#1: worker process 31 exited with code 0
2022/02/10 22:33:16 [notice] 1#1: exit
2022/02/12 15:25:23 [notice] 1#1: using the "epoll" event method
2022/02/12 15:25:23 [notice] 1#1: nginx/1.21.0
2022/02/12 15:25:23 [notice] 1#1: built by gcc 10.2.1 20201203 (Alpine 10.2.1_pre1) 
2022/02/12 15:25:23 [notice] 1#1: OS: Linux 5.13.0-27-generic
2022/02/12 15:25:23 [notice] 1#1: getrlimit(RLIMIT_NOFILE): 1048576:1048576
2022/02/12 15:25:23 [notice] 1#1: start worker processes
2022/02/12 15:25:23 [notice] 1#1: start worker process 31
2022/02/12 15:25:23 [notice] 1#1: start worker process 32
2022/02/12 21:18:26 [notice] 1#1: signal 3 (SIGQUIT) received, shutting down
2022/02/12 21:18:27 [notice] 31#31: gracefully shutting down
2022/02/12 21:18:27 [notice] 32#32: gracefully shutting down
2022/02/12 21:18:27 [notice] 31#31: exiting
2022/02/12 21:18:27 [notice] 32#32: exiting
2022/02/12 21:18:27 [notice] 31#31: exit
2022/02/12 21:18:27 [notice] 32#32: exit
2022/02/12 21:18:28 [notice] 1#1: signal 17 (SIGCHLD) received from 32
2022/02/12 21:18:28 [notice] 1#1: worker process 32 exited with code 0
2022/02/12 21:18:28 [notice] 1#1: signal 29 (SIGIO) received
2022/02/12 21:18:28 [notice] 1#1: signal 17 (SIGCHLD) received from 31
2022/02/12 21:18:28 [notice] 1#1: worker process 31 exited with code 0
2022/02/12 21:18:28 [notice] 1#1: exit
2022/02/13 12:22:46 [notice] 1#1: using the "epoll" event method
2022/02/13 12:22:46 [notice] 1#1: nginx/1.21.0
2022/02/13 12:22:46 [notice] 1#1: built by gcc 10.2.1 20201203 (Alpine 10.2.1_pre1) 
2022/02/13 12:22:46 [notice] 1#1: OS: Linux 5.13.0-27-generic
2022/02/13 12:22:46 [notice] 1#1: getrlimit(RLIMIT_NOFILE): 1048576:1048576
2022/02/13 12:22:46 [notice] 1#1: start worker processes
2022/02/13 12:22:46 [notice] 1#1: start worker process 31
2022/02/13 12:22:46 [notice] 1#1: start worker process 32
2022/02/13 20:42:54 [notice] 1#1: signal 3 (SIGQUIT) received, shutting down
2022/02/13 20:42:54 [notice] 31#31: gracefully shutting down
2022/02/13 20:42:54 [notice] 32#32: gracefully shutting down
2022/02/13 20:42:54 [notice] 32#32: exiting
2022/02/13 20:42:54 [notice] 32#32: exit
2022/02/13 20:42:54 [notice] 31#31: exiting
2022/02/13 20:42:54 [notice] 31#31: exit
2022/02/13 20:42:56 [notice] 1#1: signal 17 (SIGCHLD) received from 32
2022/02/13 20:42:56 [notice] 1#1: worker process 32 exited with code 0
2022/02/13 20:42:56 [notice] 1#1: signal 29 (SIGIO) received
2022/02/13 20:42:56 [notice] 1#1: signal 17 (SIGCHLD) received from 31
2022/02/13 20:42:56 [notice] 1#1: worker process 31 exited with code 0
2022/02/13 20:42:56 [notice] 1#1: exit
2022/02/14 21:39:59 [notice] 1#1: using the "epoll" event method
2022/02/14 21:39:59 [notice] 1#1: nginx/1.21.0
2022/02/14 21:39:59 [notice] 1#1: built by gcc 10.2.1 20201203 (Alpine 10.2.1_pre1) 
2022/02/14 21:39:59 [notice] 1#1: OS: Linux 5.13.0-27-generic
2022/02/14 21:39:59 [notice] 1#1: getrlimit(RLIMIT_NOFILE): 1048576:1048576
2022/02/14 21:39:59 [notice] 1#1: start worker processes
2022/02/14 21:39:59 [notice] 1#1: start worker process 30
2022/02/14 21:39:59 [notice] 1#1: start worker process 31
2022/02/14 23:10:03 [notice] 1#1: signal 3 (SIGQUIT) received, shutting down
2022/02/14 23:10:03 [notice] 31#31: gracefully shutting down
2022/02/14 23:10:03 [notice] 31#31: exiting
2022/02/14 23:10:03 [notice] 30#30: gracefully shutting down
2022/02/14 23:10:03 [notice] 30#30: exiting
2022/02/14 23:10:03 [notice] 30#30: exit
2022/02/14 23:10:03 [notice] 31#31: exit
2022/02/14 23:10:04 [notice] 1#1: signal 17 (SIGCHLD) received from 30
2022/02/14 23:10:04 [notice] 1#1: worker process 30 exited with code 0
2022/02/14 23:10:04 [notice] 1#1: worker process 31 exited with code 0
2022/02/14 23:10:04 [notice] 1#1: exit
2022/02/15 12:44:18 [notice] 1#1: using the "epoll" event method
2022/02/15 12:44:18 [notice] 1#1: nginx/1.21.0
2022/02/15 12:44:18 [notice] 1#1: built by gcc 10.2.1 20201203 (Alpine 10.2.1_pre1) 
2022/02/15 12:44:18 [notice] 1#1: OS: Linux 5.13.0-27-generic
2022/02/15 12:44:18 [notice] 1#1: getrlimit(RLIMIT_NOFILE): 1048576:1048576
2022/02/15 12:44:18 [notice] 1#1: start worker processes
2022/02/15 12:44:18 [notice] 1#1: start worker process 31
2022/02/15 12:44:18 [notice] 1#1: start worker process 32
2022/02/15 13:27:22 [notice] 1#1: signal 3 (SIGQUIT) received, shutting down
2022/02/15 13:27:22 [notice] 31#31: gracefully shutting down
2022/02/15 13:27:22 [notice] 31#31: exiting
2022/02/15 13:27:22 [notice] 31#31: exit
2022/02/15 13:27:22 [notice] 1#1: signal 17 (SIGCHLD) received from 31
2022/02/15 13:27:22 [notice] 1#1: worker process 31 exited with code 0
2022/02/15 13:27:22 [notice] 1#1: signal 29 (SIGIO) received
2022/02/15 13:27:22 [notice] 32#32: gracefully shutting down
2022/02/15 13:27:22 [notice] 32#32: exiting
2022/02/15 13:27:22 [notice] 32#32: exit
2022/02/15 13:27:22 [notice] 1#1: signal 17 (SIGCHLD) received from 32
2022/02/15 13:27:22 [notice] 1#1: worker process 32 exited with code 0
2022/02/15 13:27:22 [notice] 1#1: exit
2022/02/15 18:01:05 [notice] 1#1: using the "epoll" event method
2022/02/15 18:01:05 [notice] 1#1: nginx/1.21.0
2022/02/15 18:01:05 [notice] 1#1: built by gcc 10.2.1 20201203 (Alpine 10.2.1_pre1) 
2022/02/15 18:01:05 [notice] 1#1: OS: Linux 5.13.0-27-generic
2022/02/15 18:01:05 [notice] 1#1: getrlimit(RLIMIT_NOFILE): 1048576:1048576
2022/02/15 18:01:05 [notice] 1#1: start worker processes
2022/02/15 18:01:05 [notice] 1#1: start worker process 33
2022/02/15 18:01:05 [notice] 1#1: start worker process 34
2022/02/15 22:56:29 [notice] 1#1: signal 3 (SIGQUIT) received, shutting down
2022/02/15 22:56:29 [notice] 33#33: gracefully shutting down
2022/02/15 22:56:29 [notice] 33#33: exiting
2022/02/15 22:56:29 [notice] 33#33: exit
2022/02/15 22:56:29 [notice] 34#34: gracefully shutting down
2022/02/15 22:56:29 [notice] 34#34: exiting
2022/02/15 22:56:29 [notice] 34#34: exit
2022/02/15 22:56:30 [notice] 1#1: signal 17 (SIGCHLD) received from 33
2022/02/15 22:56:30 [notice] 1#1: worker process 33 exited with code 0
2022/02/15 22:56:30 [notice] 1#1: worker process 34 exited with code 0
2022/02/15 22:56:30 [notice] 1#1: exit
2022/02/16 20:32:48 [notice] 1#1: using the "epoll" event method
2022/02/16 20:32:48 [notice] 1#1: nginx/1.21.0
2022/02/16 20:32:48 [notice] 1#1: built by gcc 10.2.1 20201203 (Alpine 10.2.1_pre1) 
2022/02/16 20:32:48 [notice] 1#1: OS: Linux 5.13.0-27-generic
2022/02/16 20:32:48 [notice] 1#1: getrlimit(RLIMIT_NOFILE): 1048576:1048576
2022/02/16 20:32:48 [notice] 1#1: start worker processes
2022/02/16 20:32:48 [notice] 1#1: start worker process 31
2022/02/16 20:32:48 [notice] 1#1: start worker process 32
2022/02/16 21:42:07 [notice] 1#1: signal 3 (SIGQUIT) received, shutting down
2022/02/16 21:42:07 [notice] 31#31: gracefully shutting down
2022/02/16 21:42:07 [notice] 31#31: exiting
2022/02/16 21:42:07 [notice] 32#32: gracefully shutting down
2022/02/16 21:42:07 [notice] 32#32: exiting
2022/02/16 21:42:07 [notice] 31#31: exit
2022/02/16 21:42:07 [notice] 32#32: exit
2022/02/16 21:42:07 [notice] 1#1: signal 17 (SIGCHLD) received from 32
2022/02/16 21:42:07 [notice] 1#1: worker process 32 exited with code 0
2022/02/16 21:42:07 [notice] 1#1: signal 17 (SIGCHLD) received from 31
2022/02/16 21:42:07 [notice] 1#1: worker process 31 exited with code 0
2022/02/16 21:42:07 [notice] 1#1: exit
2022/02/17 20:23:13 [notice] 1#1: using the "epoll" event method
2022/02/17 20:23:13 [notice] 1#1: nginx/1.21.0
2022/02/17 20:23:13 [notice] 1#1: built by gcc 10.2.1 20201203 (Alpine 10.2.1_pre1) 
2022/02/17 20:23:13 [notice] 1#1: OS: Linux 5.13.0-27-generic
2022/02/17 20:23:13 [notice] 1#1: getrlimit(RLIMIT_NOFILE): 1048576:1048576
2022/02/17 20:23:13 [notice] 1#1: start worker processes
2022/02/17 20:23:13 [notice] 1#1: start worker process 32
2022/02/17 20:23:13 [notice] 1#1: start worker process 33
2022/02/17 20:26:22 [notice] 1#1: signal 3 (SIGQUIT) received, shutting down
2022/02/17 20:26:22 [notice] 33#33: gracefully shutting down
2022/02/17 20:26:22 [notice] 33#33: exiting
2022/02/17 20:26:22 [notice] 33#33: exit
2022/02/17 20:26:22 [notice] 32#32: gracefully shutting down
2022/02/17 20:26:22 [notice] 32#32: exiting
2022/02/17 20:26:22 [notice] 32#32: exit
2022/02/17 20:26:22 [notice] 1#1: signal 17 (SIGCHLD) received from 33
2022/02/17 20:26:22 [notice] 1#1: worker process 32 exited with code 0
2022/02/17 20:26:22 [notice] 1#1: worker process 33 exited with code 0
2022/02/17 20:26:22 [notice] 1#1: exit
2022/02/17 20:28:41 [notice] 1#1: using the "epoll" event method
2022/02/17 20:28:41 [notice] 1#1: nginx/1.21.0
2022/02/17 20:28:41 [notice] 1#1: built by gcc 10.2.1 20201203 (Alpine 10.2.1_pre1) 
2022/02/17 20:28:41 [notice] 1#1: OS: Linux 5.13.0-27-generic
2022/02/17 20:28:41 [notice] 1#1: getrlimit(RLIMIT_NOFILE): 1048576:1048576
2022/02/17 20:28:41 [notice] 1#1: start worker processes
2022/02/17 20:28:41 [notice] 1#1: start worker process 31
2022/02/17 20:28:41 [notice] 1#1: start worker process 32
2022/02/17 22:46:59 [notice] 1#1: signal 3 (SIGQUIT) received, shutting down
2022/02/17 22:46:59 [notice] 31#31: gracefully shutting down
2022/02/17 22:46:59 [notice] 31#31: exiting
2022/02/17 22:46:59 [notice] 31#31: exit
2022/02/17 22:46:59 [notice] 32#32: gracefully shutting down
2022/02/17 22:46:59 [notice] 32#32: exiting
2022/02/17 22:46:59 [notice] 32#32: exit
2022/02/17 22:46:59 [notice] 1#1: signal 17 (SIGCHLD) received from 32
2022/02/17 22:46:59 [notice] 1#1: worker process 32 exited with code 0
2022/02/17 22:46:59 [notice] 1#1: signal 29 (SIGIO) received
2022/02/17 22:46:59 [notice] 1#1: signal 17 (SIGCHLD) received from 31
2022/02/17 22:46:59 [notice] 1#1: worker process 31 exited with code 0
2022/02/17 22:46:59 [notice] 1#1: exit
2022/02/20 12:35:01 [notice] 1#1: using the "epoll" event method
2022/02/20 12:35:01 [notice] 1#1: nginx/1.21.0
2022/02/20 12:35:01 [notice] 1#1: built by gcc 10.2.1 20201203 (Alpine 10.2.1_pre1) 
2022/02/20 12:35:01 [notice] 1#1: OS: Linux 5.13.0-27-generic
2022/02/20 12:35:01 [notice] 1#1: getrlimit(RLIMIT_NOFILE): 1048576:1048576
2022/02/20 12:35:01 [notice] 1#1: start worker processes
2022/02/20 12:35:01 [notice] 1#1: start worker process 31
2022/02/20 12:35:01 [notice] 1#1: start worker process 32
2022/02/20 18:20:38 [notice] 1#1: using the "epoll" event method
2022/02/20 18:20:38 [notice] 1#1: nginx/1.21.0
2022/02/20 18:20:38 [notice] 1#1: built by gcc 10.2.1 20201203 (Alpine 10.2.1_pre1) 
2022/02/20 18:20:38 [notice] 1#1: OS: Linux 5.13.0-27-generic
2022/02/20 18:20:38 [notice] 1#1: getrlimit(RLIMIT_NOFILE): 1048576:1048576
2022/02/20 18:20:38 [notice] 1#1: start worker processes
2022/02/20 18:20:38 [notice] 1#1: start worker process 31
2022/02/20 18:20:38 [notice] 1#1: start worker process 32
2022/02/20 19:24:56 [notice] 1#1: signal 3 (SIGQUIT) received, shutting down
2022/02/20 19:24:56 [notice] 32#32: gracefully shutting down
2022/02/20 19:24:56 [notice] 32#32: exiting
2022/02/20 19:24:56 [notice] 32#32: exit
2022/02/20 19:24:56 [notice] 31#31: gracefully shutting down
2022/02/20 19:24:56 [notice] 31#31: exiting
2022/02/20 19:24:56 [notice] 31#31: exit
2022/02/20 19:24:56 [notice] 1#1: signal 17 (SIGCHLD) received from 31
2022/02/20 19:24:56 [notice] 1#1: worker process 31 exited with code 0
2022/02/20 19:24:56 [notice] 1#1: worker process 32 exited with code 0
2022/02/20 19:24:56 [notice] 1#1: exit
2022/02/20 19:29:12 [notice] 1#1: using the "epoll" event method
2022/02/20 19:29:12 [notice] 1#1: nginx/1.21.0
2022/02/20 19:29:12 [notice] 1#1: built by gcc 10.2.1 20201203 (Alpine 10.2.1_pre1) 
2022/02/20 19:29:12 [notice] 1#1: OS: Linux 5.13.0-27-generic
2022/02/20 19:29:12 [notice] 1#1: getrlimit(RLIMIT_NOFILE): 1048576:1048576
2022/02/20 19:29:12 [notice] 1#1: start worker processes
2022/02/20 19:29:12 [notice] 1#1: start worker process 31
2022/02/20 19:29:12 [notice] 1#1: start worker process 32
2022/02/20 21:31:05 [notice] 1#1: signal 3 (SIGQUIT) received, shutting down
2022/02/20 21:31:05 [notice] 31#31: gracefully shutting down
2022/02/20 21:31:05 [notice] 31#31: exiting
2022/02/20 21:31:05 [notice] 31#31: exit
2022/02/20 21:31:05 [notice] 32#32: gracefully shutting down
2022/02/20 21:31:05 [notice] 32#32: exiting
2022/02/20 21:31:05 [notice] 32#32: exit
2022/02/20 21:31:06 [notice] 1#1: signal 17 (SIGCHLD) received from 32
2022/02/20 21:31:06 [notice] 1#1: worker process 32 exited with code 0
2022/02/20 21:31:06 [notice] 1#1: signal 29 (SIGIO) received
2022/02/20 21:31:06 [notice] 1#1: signal 17 (SIGCHLD) received from 31
2022/02/20 21:31:06 [notice] 1#1: worker process 31 exited with code 0
2022/02/20 21:31:06 [notice] 1#1: exit
2022/02/21 13:29:17 [notice] 1#1: using the "epoll" event method
2022/02/21 13:29:17 [notice] 1#1: nginx/1.21.0
2022/02/21 13:29:17 [notice] 1#1: built by gcc 10.2.1 20201203 (Alpine 10.2.1_pre1) 
2022/02/21 13:29:17 [notice] 1#1: OS: Linux 5.13.0-27-generic
2022/02/21 13:29:17 [notice] 1#1: getrlimit(RLIMIT_NOFILE): 1048576:1048576
2022/02/21 13:29:17 [notice] 1#1: start worker processes
2022/02/21 13:29:17 [notice] 1#1: start worker process 32
2022/02/21 13:29:17 [notice] 1#1: start worker process 33
2022/02/21 13:34:11 [notice] 1#1: signal 3 (SIGQUIT) received, shutting down
2022/02/21 13:34:11 [notice] 33#33: gracefully shutting down
2022/02/21 13:34:11 [notice] 33#33: exiting
2022/02/21 13:34:11 [notice] 33#33: exit
2022/02/21 13:34:11 [notice] 32#32: gracefully shutting down
2022/02/21 13:34:11 [notice] 32#32: exiting
2022/02/21 13:34:11 [notice] 32#32: exit
2022/02/21 13:34:11 [notice] 1#1: signal 17 (SIGCHLD) received from 32
2022/02/21 13:34:11 [notice] 1#1: worker process 32 exited with code 0
2022/02/21 13:34:11 [notice] 1#1: signal 29 (SIGIO) received
2022/02/21 13:34:11 [notice] 1#1: signal 17 (SIGCHLD) received from 33
2022/02/21 13:34:11 [notice] 1#1: worker process 33 exited with code 0
2022/02/21 13:34:11 [notice] 1#1: exit
2022/02/21 13:38:05 [notice] 1#1: using the "epoll" event method
2022/02/21 13:38:05 [notice] 1#1: nginx/1.21.0
2022/02/21 13:38:05 [notice] 1#1: built by gcc 10.2.1 20201203 (Alpine 10.2.1_pre1) 
2022/02/21 13:38:05 [notice] 1#1: OS: Linux 5.13.0-27-generic
2022/02/21 13:38:05 [notice] 1#1: getrlimit(RLIMIT_NOFILE): 1048576:1048576
2022/02/21 13:38:05 [notice] 1#1: start worker processes
2022/02/21 13:38:05 [notice] 1#1: start worker process 30
2022/02/21 13:38:05 [notice] 1#1: start worker process 31
2022/02/21 13:45:25 [notice] 1#1: signal 3 (SIGQUIT) received, shutting down
2022/02/21 13:45:25 [notice] 30#30: gracefully shutting down
2022/02/21 13:45:25 [notice] 30#30: exiting
2022/02/21 13:45:25 [notice] 30#30: exit
2022/02/21 13:45:25 [notice] 31#31: gracefully shutting down
2022/02/21 13:45:25 [notice] 31#31: exiting
2022/02/21 13:45:25 [notice] 31#31: exit
2022/02/21 13:45:25 [notice] 1#1: signal 17 (SIGCHLD) received from 30
2022/02/21 13:45:25 [notice] 1#1: worker process 30 exited with code 0
2022/02/21 13:45:25 [notice] 1#1: signal 29 (SIGIO) received
2022/02/21 13:45:25 [notice] 1#1: signal 17 (SIGCHLD) received from 31
2022/02/21 13:45:25 [notice] 1#1: worker process 31 exited with code 0
2022/02/21 13:45:25 [notice] 1#1: exit
2022/02/21 13:51:22 [notice] 1#1: using the "epoll" event method
2022/02/21 13:51:22 [notice] 1#1: nginx/1.21.0
2022/02/21 13:51:22 [notice] 1#1: built by gcc 10.2.1 20201203 (Alpine 10.2.1_pre1) 
2022/02/21 13:51:22 [notice] 1#1: OS: Linux 5.13.0-27-generic
2022/02/21 13:51:22 [notice] 1#1: getrlimit(RLIMIT_NOFILE): 1048576:1048576
2022/02/21 13:51:22 [notice] 1#1: start worker processes
2022/02/21 13:51:22 [notice] 1#1: start worker process 30
2022/02/21 13:51:22 [notice] 1#1: start worker process 31
2022/02/21 13:58:02 [notice] 1#1: signal 3 (SIGQUIT) received, shutting down
2022/02/21 13:58:02 [notice] 30#30: gracefully shutting down
2022/02/21 13:58:02 [notice] 30#30: exiting
2022/02/21 13:58:02 [notice] 30#30: exit
2022/02/21 13:58:02 [notice] 31#31: gracefully shutting down
2022/02/21 13:58:02 [notice] 31#31: exiting
2022/02/21 13:58:02 [notice] 31#31: exit
2022/02/21 13:58:02 [notice] 1#1: signal 17 (SIGCHLD) received from 30
2022/02/21 13:58:02 [notice] 1#1: worker process 30 exited with code 0
2022/02/21 13:58:02 [notice] 1#1: signal 29 (SIGIO) received
2022/02/21 13:58:02 [notice] 1#1: signal 17 (SIGCHLD) received from 31
2022/02/21 13:58:02 [notice] 1#1: worker process 31 exited with code 0
2022/02/21 13:58:02 [notice] 1#1: exit
2022/02/21 21:39:38 [notice] 1#1: using the "epoll" event method
2022/02/21 21:39:38 [notice] 1#1: nginx/1.21.0
2022/02/21 21:39:38 [notice] 1#1: built by gcc 10.2.1 20201203 (Alpine 10.2.1_pre1) 
2022/02/21 21:39:38 [notice] 1#1: OS: Linux 5.13.0-30-generic
2022/02/21 21:39:38 [notice] 1#1: getrlimit(RLIMIT_NOFILE): 1048576:1048576
2022/02/21 21:39:38 [notice] 1#1: start worker processes
2022/02/21 21:39:38 [notice] 1#1: start worker process 34
2022/02/21 21:39:38 [notice] 1#1: start worker process 35
2022/02/21 23:28:20 [notice] 1#1: signal 3 (SIGQUIT) received, shutting down
2022/02/21 23:28:20 [notice] 34#34: gracefully shutting down
2022/02/21 23:28:20 [notice] 34#34: exiting
2022/02/21 23:28:20 [notice] 35#35: gracefully shutting down
2022/02/21 23:28:20 [notice] 34#34: exit
2022/02/21 23:28:20 [notice] 35#35: exiting
2022/02/21 23:28:20 [notice] 35#35: exit
2022/02/21 23:28:20 [notice] 1#1: signal 17 (SIGCHLD) received from 34
2022/02/21 23:28:20 [notice] 1#1: worker process 34 exited with code 0
2022/02/21 23:28:20 [notice] 1#1: worker process 35 exited with code 0
2022/02/21 23:28:20 [notice] 1#1: exit
2022/02/22 12:47:50 [notice] 1#1: using the "epoll" event method
2022/02/22 12:47:50 [notice] 1#1: nginx/1.21.0
2022/02/22 12:47:50 [notice] 1#1: built by gcc 10.2.1 20201203 (Alpine 10.2.1_pre1) 
2022/02/22 12:47:50 [notice] 1#1: OS: Linux 5.13.0-30-generic
2022/02/22 12:47:50 [notice] 1#1: getrlimit(RLIMIT_NOFILE): 1048576:1048576
2022/02/22 12:47:50 [notice] 1#1: start worker processes
2022/02/22 12:47:50 [notice] 1#1: start worker process 31
2022/02/22 12:47:50 [notice] 1#1: start worker process 32
2022/02/22 13:57:46 [notice] 1#1: signal 3 (SIGQUIT) received, shutting down
2022/02/22 13:57:46 [notice] 32#32: gracefully shutting down
2022/02/22 13:57:46 [notice] 32#32: exiting
2022/02/22 13:57:46 [notice] 31#31: gracefully shutting down
2022/02/22 13:57:46 [notice] 32#32: exit
2022/02/22 13:57:46 [notice] 31#31: exiting
2022/02/22 13:57:46 [notice] 31#31: exit
2022/02/22 13:57:46 [notice] 1#1: signal 17 (SIGCHLD) received from 32
2022/02/22 13:57:46 [notice] 1#1: worker process 32 exited with code 0
2022/02/22 13:57:46 [notice] 1#1: signal 29 (SIGIO) received
2022/02/22 13:57:46 [notice] 1#1: signal 17 (SIGCHLD) received from 31
2022/02/22 13:57:46 [notice] 1#1: worker process 31 exited with code 0
2022/02/22 13:57:46 [notice] 1#1: exit
2022/02/22 17:58:01 [notice] 1#1: using the "epoll" event method
2022/02/22 17:58:01 [notice] 1#1: nginx/1.21.0
2022/02/22 17:58:01 [notice] 1#1: built by gcc 10.2.1 20201203 (Alpine 10.2.1_pre1) 
2022/02/22 17:58:01 [notice] 1#1: OS: Linux 5.13.0-30-generic
2022/02/22 17:58:01 [notice] 1#1: getrlimit(RLIMIT_NOFILE): 1048576:1048576
2022/02/22 17:58:01 [notice] 1#1: start worker processes
2022/02/22 17:58:01 [notice] 1#1: start worker process 31
2022/02/22 17:58:01 [notice] 1#1: start worker process 32
2022/02/22 23:00:46 [notice] 1#1: signal 3 (SIGQUIT) received, shutting down
2022/02/22 23:00:46 [notice] 32#32: gracefully shutting down
2022/02/22 23:00:46 [notice] 31#31: gracefully shutting down
2022/02/22 23:00:46 [notice] 32#32: exiting
2022/02/22 23:00:46 [notice] 32#32: exit
2022/02/22 23:00:46 [notice] 31#31: exiting
2022/02/22 23:00:46 [notice] 31#31: exit
2022/02/22 23:00:47 [notice] 1#1: signal 17 (SIGCHLD) received from 32
2022/02/22 23:00:47 [notice] 1#1: worker process 32 exited with code 0
2022/02/22 23:00:47 [notice] 1#1: signal 29 (SIGIO) received
2022/02/22 23:00:47 [notice] 1#1: signal 17 (SIGCHLD) received from 31
2022/02/22 23:00:47 [notice] 1#1: worker process 31 exited with code 0
2022/02/22 23:00:47 [notice] 1#1: exit
2022/02/23 21:27:20 [notice] 1#1: using the "epoll" event method
2022/02/23 21:27:20 [notice] 1#1: nginx/1.21.0
2022/02/23 21:27:20 [notice] 1#1: built by gcc 10.2.1 20201203 (Alpine 10.2.1_pre1) 
2022/02/23 21:27:20 [notice] 1#1: OS: Linux 5.13.0-30-generic
2022/02/23 21:27:20 [notice] 1#1: getrlimit(RLIMIT_NOFILE): 1048576:1048576
2022/02/23 21:27:20 [notice] 1#1: start worker processes
2022/02/23 21:27:20 [notice] 1#1: start worker process 32
2022/02/23 21:27:20 [notice] 1#1: start worker process 33
2022/02/23 22:20:18 [error] 33#33: *75 directory index of "/var/www/src/public/storage/" is forbidden, client: 172.18.0.1, server: example.palmo, request: "GET /storage/ HTTP/1.1", host: "example.palmo", referrer: "http://example.palmo/3/show"
2022/02/23 22:21:22 [error] 33#33: *66 directory index of "/var/www/src/public/storage/" is forbidden, client: 172.18.0.1, server: example.palmo, request: "GET /storage/ HTTP/1.1", host: "example.palmo", referrer: "http://example.palmo/1/show"
2022/02/23 22:25:41 [error] 33#33: *134 directory index of "/var/www/src/public/storage/" is forbidden, client: 172.18.0.1, server: example.palmo, request: "GET /storage/ HTTP/1.1", host: "example.palmo", referrer: "http://example.palmo/1/show"
2022/02/23 22:25:45 [error] 33#33: *139 directory index of "/var/www/src/public/storage/" is forbidden, client: 172.18.0.1, server: example.palmo, request: "GET /storage/ HTTP/1.1", host: "example.palmo", referrer: "http://example.palmo/2/show"
2022/02/23 22:25:49 [error] 33#33: *139 directory index of "/var/www/src/public/storage/" is forbidden, client: 172.18.0.1, server: example.palmo, request: "GET /storage/ HTTP/1.1", host: "example.palmo", referrer: "http://example.palmo/3/show"
2022/02/23 22:25:52 [error] 33#33: *139 directory index of "/var/www/src/public/storage/" is forbidden, client: 172.18.0.1, server: example.palmo, request: "GET /storage/ HTTP/1.1", host: "example.palmo", referrer: "http://example.palmo/4/show"
2022/02/23 23:03:02 [notice] 1#1: signal 3 (SIGQUIT) received, shutting down
2022/02/23 23:03:02 [notice] 33#33: gracefully shutting down
2022/02/23 23:03:02 [notice] 32#32: gracefully shutting down
2022/02/23 23:03:02 [notice] 33#33: exiting
2022/02/23 23:03:02 [notice] 32#32: exiting
2022/02/23 23:03:02 [notice] 32#32: exit
2022/02/23 23:03:02 [notice] 33#33: exit
2022/02/23 23:03:04 [notice] 1#1: signal 17 (SIGCHLD) received from 32
2022/02/23 23:03:04 [notice] 1#1: worker process 32 exited with code 0
2022/02/23 23:03:04 [notice] 1#1: signal 29 (SIGIO) received
2022/02/23 23:03:04 [notice] 1#1: signal 17 (SIGCHLD) received from 33
2022/02/23 23:03:04 [notice] 1#1: worker process 33 exited with code 0
2022/02/23 23:03:04 [notice] 1#1: exit
2022/06/11 16:47:07 [notice] 1#1: using the "epoll" event method
2022/06/11 16:47:07 [notice] 1#1: nginx/1.21.0
2022/06/11 16:47:07 [notice] 1#1: built by gcc 10.2.1 20201203 (Alpine 10.2.1_pre1) 
2022/06/11 16:47:07 [notice] 1#1: OS: Linux 5.13.0-30-generic
2022/06/11 16:47:07 [notice] 1#1: getrlimit(RLIMIT_NOFILE): 1048576:1048576
2022/06/11 16:47:07 [notice] 1#1: start worker processes
2022/06/11 16:47:07 [notice] 1#1: start worker process 31
2022/06/11 16:47:07 [notice] 1#1: start worker process 32
2022/06/11 19:44:37 [notice] 1#1: signal 3 (SIGQUIT) received, shutting down
2022/06/11 19:44:39 [notice] 32#32: gracefully shutting down
2022/06/11 19:44:39 [notice] 31#31: gracefully shutting down
2022/06/11 19:44:39 [notice] 32#32: exiting
2022/06/11 19:44:39 [notice] 32#32: exit
2022/06/11 19:44:39 [notice] 31#31: exiting
2022/06/11 19:44:39 [notice] 31#31: exit
2022/06/11 19:44:41 [notice] 1#1: signal 17 (SIGCHLD) received from 32
2022/06/11 19:44:41 [notice] 1#1: worker process 32 exited with code 0
2022/06/11 19:44:41 [notice] 1#1: signal 29 (SIGIO) received
2022/06/11 19:44:41 [notice] 1#1: signal 17 (SIGCHLD) received from 31
2022/06/11 19:44:41 [notice] 1#1: worker process 31 exited with code 0
2022/06/11 19:44:41 [notice] 1#1: exit
2022/06/12 16:48:16 [notice] 1#1: using the "epoll" event method
2022/06/12 16:48:16 [notice] 1#1: nginx/1.21.0
2022/06/12 16:48:16 [notice] 1#1: built by gcc 10.2.1 20201203 (Alpine 10.2.1_pre1) 
2022/06/12 16:48:16 [notice] 1#1: OS: Linux 5.13.0-48-generic
2022/06/12 16:48:16 [notice] 1#1: getrlimit(RLIMIT_NOFILE): 1048576:1048576
2022/06/12 16:48:16 [notice] 1#1: start worker processes
2022/06/12 16:48:16 [notice] 1#1: start worker process 33
2022/06/12 16:48:16 [notice] 1#1: start worker process 34
2022/06/12 16:48:36 [notice] 1#1: signal 3 (SIGQUIT) received, shutting down
2022/06/12 16:48:36 [notice] 33#33: gracefully shutting down
2022/06/12 16:48:36 [notice] 33#33: exiting
2022/06/12 16:48:36 [notice] 33#33: exit
2022/06/12 16:48:36 [notice] 34#34: gracefully shutting down
2022/06/12 16:48:36 [notice] 34#34: exiting
2022/06/12 16:48:36 [notice] 34#34: exit
2022/06/12 16:48:36 [notice] 1#1: signal 17 (SIGCHLD) received from 33
2022/06/12 16:48:36 [notice] 1#1: worker process 33 exited with code 0
2022/06/12 16:48:36 [notice] 1#1: signal 29 (SIGIO) received
2022/06/12 16:48:36 [notice] 1#1: signal 17 (SIGCHLD) received from 34
2022/06/12 16:48:36 [notice] 1#1: worker process 34 exited with code 0
2022/06/12 16:48:36 [notice] 1#1: exit
2022/06/12 16:53:57 [notice] 1#1: using the "epoll" event method
2022/06/12 16:53:57 [notice] 1#1: nginx/1.21.0
2022/06/12 16:53:57 [notice] 1#1: built by gcc 10.2.1 20201203 (Alpine 10.2.1_pre1) 
2022/06/12 16:53:57 [notice] 1#1: OS: Linux 5.13.0-48-generic
2022/06/12 16:53:57 [notice] 1#1: getrlimit(RLIMIT_NOFILE): 1048576:1048576
2022/06/12 16:53:57 [notice] 1#1: start worker processes
2022/06/12 16:53:57 [notice] 1#1: start worker process 33
2022/06/12 16:53:57 [notice] 1#1: start worker process 34
2022/06/12 18:08:43 [notice] 1#1: using the "epoll" event method
2022/06/12 18:08:43 [notice] 1#1: nginx/1.21.0
2022/06/12 18:08:43 [notice] 1#1: built by gcc 10.2.1 20201203 (Alpine 10.2.1_pre1) 
2022/06/12 18:08:43 [notice] 1#1: OS: Linux 5.13.0-48-generic
2022/06/12 18:08:43 [notice] 1#1: getrlimit(RLIMIT_NOFILE): 1048576:1048576
2022/06/12 18:08:43 [notice] 1#1: start worker processes
2022/06/12 18:08:43 [notice] 1#1: start worker process 31
2022/06/12 18:08:43 [notice] 1#1: start worker process 32
2022/06/12 18:13:03 [notice] 1#1: signal 3 (SIGQUIT) received, shutting down
2022/06/12 18:13:03 [notice] 31#31: gracefully shutting down
2022/06/12 18:13:03 [notice] 31#31: exiting
2022/06/12 18:13:03 [notice] 32#32: gracefully shutting down
2022/06/12 18:13:03 [notice] 31#31: exit
2022/06/12 18:13:03 [notice] 32#32: exiting
2022/06/12 18:13:03 [notice] 32#32: exit
2022/06/12 18:13:03 [notice] 1#1: signal 17 (SIGCHLD) received from 32
2022/06/12 18:13:03 [notice] 1#1: worker process 31 exited with code 0
2022/06/12 18:13:03 [notice] 1#1: worker process 32 exited with code 0
2022/06/12 18:13:03 [notice] 1#1: exit
2022/06/12 18:14:38 [notice] 1#1: using the "epoll" event method
2022/06/12 18:14:38 [notice] 1#1: nginx/1.21.0
2022/06/12 18:14:38 [notice] 1#1: built by gcc 10.2.1 20201203 (Alpine 10.2.1_pre1) 
2022/06/12 18:14:38 [notice] 1#1: OS: Linux 5.13.0-48-generic
2022/06/12 18:14:38 [notice] 1#1: getrlimit(RLIMIT_NOFILE): 1048576:1048576
2022/06/12 18:14:38 [notice] 1#1: start worker processes
2022/06/12 18:14:38 [notice] 1#1: start worker process 32
2022/06/12 18:14:38 [notice] 1#1: start worker process 33
2022/06/12 18:19:46 [notice] 1#1: signal 3 (SIGQUIT) received, shutting down
2022/06/12 18:19:46 [notice] 32#32: gracefully shutting down
2022/06/12 18:19:46 [notice] 32#32: exiting
2022/06/12 18:19:46 [notice] 33#33: gracefully shutting down
2022/06/12 18:19:46 [notice] 33#33: exiting
2022/06/12 18:19:46 [notice] 32#32: exit
2022/06/12 18:19:46 [notice] 33#33: exit
2022/06/12 18:19:47 [notice] 1#1: signal 17 (SIGCHLD) received from 32
2022/06/12 18:19:47 [notice] 1#1: worker process 32 exited with code 0
2022/06/12 18:19:47 [notice] 1#1: signal 29 (SIGIO) received
2022/06/12 18:19:47 [notice] 1#1: signal 17 (SIGCHLD) received from 33
2022/06/12 18:19:47 [notice] 1#1: worker process 33 exited with code 0
2022/06/12 18:19:47 [notice] 1#1: exit
2022/06/12 18:20:05 [notice] 1#1: using the "epoll" event method
2022/06/12 18:20:05 [notice] 1#1: nginx/1.21.0
2022/06/12 18:20:05 [notice] 1#1: built by gcc 10.2.1 20201203 (Alpine 10.2.1_pre1) 
2022/06/12 18:20:05 [notice] 1#1: OS: Linux 5.13.0-48-generic
2022/06/12 18:20:05 [notice] 1#1: getrlimit(RLIMIT_NOFILE): 1048576:1048576
2022/06/12 18:20:05 [notice] 1#1: start worker processes
2022/06/12 18:20:05 [notice] 1#1: start worker process 33
2022/06/12 18:20:05 [notice] 1#1: start worker process 34
2022/06/12 18:21:39 [notice] 1#1: signal 3 (SIGQUIT) received, shutting down
2022/06/12 18:21:39 [notice] 33#33: gracefully shutting down
2022/06/12 18:21:39 [notice] 33#33: exiting
2022/06/12 18:21:39 [notice] 33#33: exit
2022/06/12 18:21:39 [notice] 34#34: gracefully shutting down
2022/06/12 18:21:39 [notice] 34#34: exiting
2022/06/12 18:21:39 [notice] 34#34: exit
2022/06/12 18:21:39 [notice] 1#1: signal 17 (SIGCHLD) received from 33
2022/06/12 18:21:39 [notice] 1#1: worker process 33 exited with code 0
2022/06/12 18:21:39 [notice] 1#1: worker process 34 exited with code 0
2022/06/12 18:21:39 [notice] 1#1: exit
2022/06/12 18:21:54 [notice] 1#1: using the "epoll" event method
2022/06/12 18:21:54 [notice] 1#1: nginx/1.21.0
2022/06/12 18:21:54 [notice] 1#1: built by gcc 10.2.1 20201203 (Alpine 10.2.1_pre1) 
2022/06/12 18:21:54 [notice] 1#1: OS: Linux 5.13.0-48-generic
2022/06/12 18:21:54 [notice] 1#1: getrlimit(RLIMIT_NOFILE): 1048576:1048576
2022/06/12 18:21:54 [notice] 1#1: start worker processes
2022/06/12 18:21:54 [notice] 1#1: start worker process 32
2022/06/12 18:21:54 [notice] 1#1: start worker process 33
2022/06/12 18:35:24 [notice] 1#1: signal 3 (SIGQUIT) received, shutting down
2022/06/12 18:35:24 [notice] 33#33: gracefully shutting down
2022/06/12 18:35:24 [notice] 32#32: gracefully shutting down
2022/06/12 18:35:24 [notice] 33#33: exiting
2022/06/12 18:35:24 [notice] 32#32: exiting
2022/06/12 18:35:24 [notice] 32#32: exit
2022/06/12 18:35:24 [notice] 33#33: exit
2022/06/12 18:35:25 [notice] 1#1: signal 17 (SIGCHLD) received from 33
2022/06/12 18:35:25 [notice] 1#1: worker process 33 exited with code 0
2022/06/12 18:35:25 [notice] 1#1: worker process 32 exited with code 0
2022/06/12 18:35:25 [notice] 1#1: exit
2022/06/12 18:38:29 [notice] 1#1: using the "epoll" event method
2022/06/12 18:38:29 [notice] 1#1: nginx/1.21.0
2022/06/12 18:38:29 [notice] 1#1: built by gcc 10.2.1 20201203 (Alpine 10.2.1_pre1) 
2022/06/12 18:38:29 [notice] 1#1: OS: Linux 5.13.0-48-generic
2022/06/12 18:38:29 [notice] 1#1: getrlimit(RLIMIT_NOFILE): 1048576:1048576
2022/06/12 18:38:29 [notice] 1#1: start worker processes
2022/06/12 18:38:29 [notice] 1#1: start worker process 30
2022/06/12 18:38:29 [notice] 1#1: start worker process 31
2022/06/12 20:55:21 [notice] 1#1: signal 3 (SIGQUIT) received, shutting down
2022/06/12 20:55:21 [notice] 31#31: gracefully shutting down
2022/06/12 20:55:21 [notice] 30#30: gracefully shutting down
2022/06/12 20:55:21 [notice] 31#31: exiting
2022/06/12 20:55:21 [notice] 30#30: exiting
2022/06/12 20:55:21 [notice] 31#31: exit
2022/06/12 20:55:21 [notice] 30#30: exit
2022/06/12 20:55:22 [notice] 1#1: signal 17 (SIGCHLD) received from 30
2022/06/12 20:55:22 [notice] 1#1: worker process 30 exited with code 0
2022/06/12 20:55:22 [notice] 1#1: signal 29 (SIGIO) received
2022/06/12 20:55:22 [notice] 1#1: signal 17 (SIGCHLD) received from 31
2022/06/12 20:55:22 [notice] 1#1: worker process 31 exited with code 0
2022/06/12 20:55:22 [notice] 1#1: exit
2022/06/13 19:28:32 [notice] 1#1: using the "epoll" event method
2022/06/13 19:28:32 [notice] 1#1: nginx/1.21.0
2022/06/13 19:28:32 [notice] 1#1: built by gcc 10.2.1 20201203 (Alpine 10.2.1_pre1) 
2022/06/13 19:28:32 [notice] 1#1: OS: Linux 5.13.0-48-generic
2022/06/13 19:28:32 [notice] 1#1: getrlimit(RLIMIT_NOFILE): 1048576:1048576
2022/06/13 19:28:32 [notice] 1#1: start worker processes
2022/06/13 19:28:32 [notice] 1#1: start worker process 30
2022/06/13 19:28:32 [notice] 1#1: start worker process 31
2022/06/13 22:28:04 [notice] 1#1: signal 3 (SIGQUIT) received, shutting down
2022/06/13 22:28:04 [notice] 31#31: gracefully shutting down
2022/06/13 22:28:04 [notice] 31#31: exiting
2022/06/13 22:28:04 [notice] 30#30: gracefully shutting down
2022/06/13 22:28:04 [notice] 31#31: exit
2022/06/13 22:28:04 [notice] 30#30: exiting
2022/06/13 22:28:04 [notice] 30#30: exit
2022/06/13 22:28:06 [notice] 1#1: signal 17 (SIGCHLD) received from 30
2022/06/13 22:28:06 [notice] 1#1: worker process 30 exited with code 0
2022/06/13 22:28:06 [notice] 1#1: signal 29 (SIGIO) received
2022/06/13 22:28:06 [notice] 1#1: signal 17 (SIGCHLD) received from 31
2022/06/13 22:28:06 [notice] 1#1: worker process 31 exited with code 0
2022/06/13 22:28:06 [notice] 1#1: exit
2022/06/14 18:18:54 [notice] 1#1: using the "epoll" event method
2022/06/14 18:18:54 [notice] 1#1: nginx/1.21.0
2022/06/14 18:18:54 [notice] 1#1: built by gcc 10.2.1 20201203 (Alpine 10.2.1_pre1) 
2022/06/14 18:18:54 [notice] 1#1: OS: Linux 5.13.0-48-generic
2022/06/14 18:18:54 [notice] 1#1: getrlimit(RLIMIT_NOFILE): 1048576:1048576
2022/06/14 18:18:54 [notice] 1#1: start worker processes
2022/06/14 18:18:54 [notice] 1#1: start worker process 32
2022/06/14 18:18:54 [notice] 1#1: start worker process 33
2022/06/14 21:53:57 [notice] 1#1: signal 3 (SIGQUIT) received, shutting down
2022/06/14 21:53:58 [notice] 32#32: gracefully shutting down
2022/06/14 21:53:58 [notice] 33#33: gracefully shutting down
2022/06/14 21:53:58 [notice] 33#33: exiting
2022/06/14 21:53:58 [notice] 32#32: exiting
2022/06/14 21:53:58 [notice] 32#32: exit
2022/06/14 21:53:58 [notice] 33#33: exit
2022/06/14 21:54:00 [notice] 1#1: signal 17 (SIGCHLD) received from 33
2022/06/14 21:54:00 [notice] 1#1: worker process 33 exited with code 0
2022/06/14 21:54:00 [notice] 1#1: signal 29 (SIGIO) received
2022/06/14 21:54:00 [notice] 1#1: signal 17 (SIGCHLD) received from 32
2022/06/14 21:54:00 [notice] 1#1: worker process 32 exited with code 0
2022/06/14 21:54:00 [notice] 1#1: exit
2022/06/15 19:16:16 [notice] 1#1: using the "epoll" event method
2022/06/15 19:16:16 [notice] 1#1: nginx/1.21.0
2022/06/15 19:16:16 [notice] 1#1: built by gcc 10.2.1 20201203 (Alpine 10.2.1_pre1) 
2022/06/15 19:16:16 [notice] 1#1: OS: Linux 5.13.0-48-generic
2022/06/15 19:16:16 [notice] 1#1: getrlimit(RLIMIT_NOFILE): 1048576:1048576
2022/06/15 19:16:16 [notice] 1#1: start worker processes
2022/06/15 19:16:16 [notice] 1#1: start worker process 31
2022/06/15 19:16:16 [notice] 1#1: start worker process 32
2022/06/15 20:12:07 [notice] 1#1: signal 3 (SIGQUIT) received, shutting down
2022/06/15 20:12:08 [notice] 32#32: gracefully shutting down
2022/06/15 20:12:08 [notice] 32#32: exiting
2022/06/15 20:12:08 [notice] 31#31: gracefully shutting down
2022/06/15 20:12:08 [notice] 31#31: exiting
2022/06/15 20:12:08 [notice] 32#32: exit
2022/06/15 20:12:08 [notice] 31#31: exit
2022/06/15 20:12:09 [notice] 1#1: signal 17 (SIGCHLD) received from 32
2022/06/15 20:12:09 [notice] 1#1: worker process 32 exited with code 0
2022/06/15 20:12:09 [notice] 1#1: signal 17 (SIGCHLD) received from 31
2022/06/15 20:12:09 [notice] 1#1: worker process 31 exited with code 0
2022/06/15 20:12:09 [notice] 1#1: exit
2022/06/16 18:00:23 [notice] 1#1: using the "epoll" event method
2022/06/16 18:00:23 [notice] 1#1: nginx/1.21.0
2022/06/16 18:00:23 [notice] 1#1: built by gcc 10.2.1 20201203 (Alpine 10.2.1_pre1) 
2022/06/16 18:00:23 [notice] 1#1: OS: Linux 5.13.0-48-generic
2022/06/16 18:00:23 [notice] 1#1: getrlimit(RLIMIT_NOFILE): 1048576:1048576
2022/06/16 18:00:23 [notice] 1#1: start worker processes
2022/06/16 18:00:23 [notice] 1#1: start worker process 31
2022/06/16 18:00:23 [notice] 1#1: start worker process 32
2022/06/16 18:40:36 [notice] 1#1: signal 3 (SIGQUIT) received, shutting down
2022/06/16 18:40:36 [notice] 31#31: gracefully shutting down
2022/06/16 18:40:36 [notice] 31#31: exiting
2022/06/16 18:40:36 [notice] 31#31: exit
2022/06/16 18:40:36 [notice] 32#32: gracefully shutting down
2022/06/16 18:40:36 [notice] 32#32: exiting
2022/06/16 18:40:36 [notice] 32#32: exit
2022/06/16 18:40:37 [notice] 1#1: signal 17 (SIGCHLD) received from 32
2022/06/16 18:40:37 [notice] 1#1: worker process 32 exited with code 0
2022/06/16 18:40:37 [notice] 1#1: worker process 31 exited with code 0
2022/06/16 18:40:37 [notice] 1#1: exit
2022/06/18 12:35:00 [notice] 1#1: using the "epoll" event method
2022/06/18 12:35:00 [notice] 1#1: nginx/1.21.0
2022/06/18 12:35:00 [notice] 1#1: built by gcc 10.2.1 20201203 (Alpine 10.2.1_pre1) 
2022/06/18 12:35:00 [notice] 1#1: OS: Linux 5.13.0-51-generic
2022/06/18 12:35:00 [notice] 1#1: getrlimit(RLIMIT_NOFILE): 1048576:1048576
2022/06/18 12:35:00 [notice] 1#1: start worker processes
2022/06/18 12:35:00 [notice] 1#1: start worker process 31
2022/06/18 12:35:00 [notice] 1#1: start worker process 32
2022/06/18 17:42:41 [notice] 1#1: signal 3 (SIGQUIT) received, shutting down
2022/06/18 17:42:41 [notice] 32#32: gracefully shutting down
2022/06/18 17:42:41 [notice] 31#31: gracefully shutting down
2022/06/18 17:42:41 [notice] 32#32: exiting
2022/06/18 17:42:41 [notice] 32#32: exit
2022/06/18 17:42:41 [notice] 31#31: exiting
2022/06/18 17:42:41 [notice] 31#31: exit
2022/06/18 17:42:42 [notice] 1#1: signal 17 (SIGCHLD) received from 32
2022/06/18 17:42:42 [notice] 1#1: worker process 32 exited with code 0
2022/06/18 17:42:42 [notice] 1#1: signal 29 (SIGIO) received
2022/06/18 17:42:42 [notice] 1#1: signal 17 (SIGCHLD) received from 31
2022/06/18 17:42:42 [notice] 1#1: worker process 31 exited with code 0
2022/06/18 17:42:42 [notice] 1#1: exit
2022/06/19 19:55:07 [notice] 1#1: using the "epoll" event method
2022/06/19 19:55:07 [notice] 1#1: nginx/1.21.0
2022/06/19 19:55:07 [notice] 1#1: built by gcc 10.2.1 20201203 (Alpine 10.2.1_pre1) 
2022/06/19 19:55:07 [notice] 1#1: OS: Linux 5.13.0-51-generic
2022/06/19 19:55:07 [notice] 1#1: getrlimit(RLIMIT_NOFILE): 1048576:1048576
2022/06/19 19:55:07 [notice] 1#1: start worker processes
2022/06/19 19:55:07 [notice] 1#1: start worker process 31
2022/06/19 19:55:07 [notice] 1#1: start worker process 32
2022/06/19 22:16:14 [notice] 1#1: signal 3 (SIGQUIT) received, shutting down
2022/06/19 22:16:15 [notice] 31#31: gracefully shutting down
2022/06/19 22:16:15 [notice] 31#31: exiting
2022/06/19 22:16:15 [notice] 32#32: gracefully shutting down
2022/06/19 22:16:15 [notice] 32#32: exiting
2022/06/19 22:16:15 [notice] 31#31: exit
2022/06/19 22:16:15 [notice] 32#32: exit
2022/06/19 22:16:16 [notice] 1#1: signal 17 (SIGCHLD) received from 31
2022/06/19 22:16:16 [notice] 1#1: worker process 31 exited with code 0
2022/06/19 22:16:16 [notice] 1#1: signal 29 (SIGIO) received
2022/06/19 22:16:16 [notice] 1#1: signal 17 (SIGCHLD) received from 32
2022/06/19 22:16:16 [notice] 1#1: worker process 32 exited with code 0
2022/06/19 22:16:16 [notice] 1#1: exit
2022/06/22 16:24:44 [notice] 1#1: using the "epoll" event method
2022/06/22 16:24:44 [notice] 1#1: nginx/1.21.0
2022/06/22 16:24:44 [notice] 1#1: built by gcc 10.2.1 20201203 (Alpine 10.2.1_pre1) 
2022/06/22 16:24:44 [notice] 1#1: OS: Linux 5.13.0-51-generic
2022/06/22 16:24:44 [notice] 1#1: getrlimit(RLIMIT_NOFILE): 1048576:1048576
2022/06/22 16:24:44 [notice] 1#1: start worker processes
2022/06/22 16:24:44 [notice] 1#1: start worker process 32
2022/06/22 16:24:44 [notice] 1#1: start worker process 33
2022/06/22 18:47:42 [notice] 1#1: signal 3 (SIGQUIT) received, shutting down
2022/06/22 18:47:42 [notice] 32#32: gracefully shutting down
2022/06/22 18:47:42 [notice] 32#32: exiting
2022/06/22 18:47:42 [notice] 33#33: gracefully shutting down
2022/06/22 18:47:42 [notice] 33#33: exiting
2022/06/22 18:47:42 [notice] 32#32: exit
2022/06/22 18:47:42 [notice] 33#33: exit
2022/06/22 18:47:43 [notice] 1#1: signal 17 (SIGCHLD) received from 33
2022/06/22 18:47:43 [notice] 1#1: worker process 33 exited with code 0
2022/06/22 18:47:43 [notice] 1#1: signal 29 (SIGIO) received
2022/06/22 18:47:43 [notice] 1#1: signal 17 (SIGCHLD) received from 32
2022/06/22 18:47:43 [notice] 1#1: worker process 32 exited with code 0
2022/06/22 18:47:43 [notice] 1#1: exit
2022/06/24 15:12:16 [notice] 1#1: using the "epoll" event method
2022/06/24 15:12:16 [notice] 1#1: nginx/1.21.0
2022/06/24 15:12:16 [notice] 1#1: built by gcc 10.2.1 20201203 (Alpine 10.2.1_pre1) 
2022/06/24 15:12:16 [notice] 1#1: OS: Linux 5.13.0-51-generic
2022/06/24 15:12:16 [notice] 1#1: getrlimit(RLIMIT_NOFILE): 1048576:1048576
2022/06/24 15:12:16 [notice] 1#1: start worker processes
2022/06/24 15:12:16 [notice] 1#1: start worker process 32
2022/06/24 15:12:16 [notice] 1#1: start worker process 33
2022/06/26 14:04:21 [notice] 1#1: using the "epoll" event method
2022/06/26 14:04:21 [notice] 1#1: nginx/1.21.0
2022/06/26 14:04:21 [notice] 1#1: built by gcc 10.2.1 20201203 (Alpine 10.2.1_pre1) 
2022/06/26 14:04:21 [notice] 1#1: OS: Linux 5.13.0-51-generic
2022/06/26 14:04:21 [notice] 1#1: getrlimit(RLIMIT_NOFILE): 1048576:1048576
2022/06/26 14:04:21 [notice] 1#1: start worker processes
2022/06/26 14:04:21 [notice] 1#1: start worker process 31
2022/06/26 14:04:21 [notice] 1#1: start worker process 32
2022/06/26 14:26:40 [notice] 1#1: using the "epoll" event method
2022/06/26 14:26:40 [notice] 1#1: nginx/1.21.0
2022/06/26 14:26:40 [notice] 1#1: built by gcc 10.2.1 20201203 (Alpine 10.2.1_pre1) 
2022/06/26 14:26:40 [notice] 1#1: OS: Linux 5.13.0-51-generic
2022/06/26 14:26:40 [notice] 1#1: getrlimit(RLIMIT_NOFILE): 1048576:1048576
2022/06/26 14:26:40 [notice] 1#1: start worker processes
2022/06/26 14:26:40 [notice] 1#1: start worker process 31
2022/06/26 14:26:40 [notice] 1#1: start worker process 32
2022/06/26 14:51:22 [notice] 1#1: signal 3 (SIGQUIT) received, shutting down
2022/06/26 14:51:22 [notice] 32#32: gracefully shutting down
2022/06/26 14:51:22 [notice] 32#32: exiting
2022/06/26 14:51:22 [notice] 31#31: gracefully shutting down
2022/06/26 14:51:22 [notice] 32#32: exit
2022/06/26 14:51:22 [notice] 31#31: exiting
2022/06/26 14:51:22 [notice] 31#31: exit
2022/06/26 14:51:23 [notice] 1#1: signal 17 (SIGCHLD) received from 32
2022/06/26 14:51:23 [notice] 1#1: worker process 32 exited with code 0
2022/06/26 14:51:23 [notice] 1#1: signal 29 (SIGIO) received
2022/06/26 14:51:23 [notice] 1#1: signal 17 (SIGCHLD) received from 31
2022/06/26 14:51:23 [notice] 1#1: worker process 31 exited with code 0
2022/06/26 14:51:23 [notice] 1#1: exit
2022/06/26 15:28:58 [notice] 1#1: using the "epoll" event method
2022/06/26 15:28:58 [notice] 1#1: nginx/1.21.0
2022/06/26 15:28:58 [notice] 1#1: built by gcc 10.2.1 20201203 (Alpine 10.2.1_pre1) 
2022/06/26 15:28:58 [notice] 1#1: OS: Linux 5.13.0-51-generic
2022/06/26 15:28:58 [notice] 1#1: getrlimit(RLIMIT_NOFILE): 1048576:1048576
2022/06/26 15:28:58 [notice] 1#1: start worker processes
2022/06/26 15:28:58 [notice] 1#1: start worker process 31
2022/06/26 15:28:58 [notice] 1#1: start worker process 32
2022/06/26 15:52:21 [notice] 1#1: using the "epoll" event method
2022/06/26 15:52:21 [notice] 1#1: nginx/1.21.0
2022/06/26 15:52:21 [notice] 1#1: built by gcc 10.2.1 20201203 (Alpine 10.2.1_pre1) 
2022/06/26 15:52:21 [notice] 1#1: OS: Linux 5.13.0-51-generic
2022/06/26 15:52:21 [notice] 1#1: getrlimit(RLIMIT_NOFILE): 1048576:1048576
2022/06/26 15:52:21 [notice] 1#1: start worker processes
2022/06/26 15:52:21 [notice] 1#1: start worker process 30
2022/06/26 15:52:21 [notice] 1#1: start worker process 31
2022/06/26 21:20:00 [notice] 1#1: signal 3 (SIGQUIT) received, shutting down
2022/06/26 21:20:01 [notice] 30#30: gracefully shutting down
2022/06/26 21:20:01 [notice] 31#31: gracefully shutting down
2022/06/26 21:20:01 [notice] 30#30: exiting
2022/06/26 21:20:01 [notice] 31#31: exiting
2022/06/26 21:20:01 [notice] 30#30: exit
2022/06/26 21:20:01 [notice] 31#31: exit
2022/06/26 21:20:03 [notice] 1#1: signal 17 (SIGCHLD) received from 30
2022/06/26 21:20:03 [notice] 1#1: worker process 30 exited with code 0
2022/06/26 21:20:03 [notice] 1#1: signal 29 (SIGIO) received
2022/06/26 21:20:03 [notice] 1#1: signal 17 (SIGCHLD) received from 31
2022/06/26 21:20:03 [notice] 1#1: worker process 31 exited with code 0
2022/06/26 21:20:03 [notice] 1#1: exit
2022/06/27 09:25:16 [notice] 1#1: using the "epoll" event method
2022/06/27 09:25:16 [notice] 1#1: nginx/1.21.0
2022/06/27 09:25:16 [notice] 1#1: built by gcc 10.2.1 20201203 (Alpine 10.2.1_pre1) 
2022/06/27 09:25:16 [notice] 1#1: OS: Linux 5.13.0-51-generic
2022/06/27 09:25:16 [notice] 1#1: getrlimit(RLIMIT_NOFILE): 1048576:1048576
2022/06/27 09:25:16 [notice] 1#1: start worker processes
2022/06/27 09:25:16 [notice] 1#1: start worker process 30
2022/06/27 09:25:16 [notice] 1#1: start worker process 31
2022/06/27 09:56:38 [notice] 1#1: signal 3 (SIGQUIT) received, shutting down
2022/06/27 09:56:38 [notice] 30#30: gracefully shutting down
2022/06/27 09:56:38 [notice] 31#31: gracefully shutting down
2022/06/27 09:56:38 [notice] 30#30: exiting
2022/06/27 09:56:38 [notice] 31#31: exiting
2022/06/27 09:56:38 [notice] 30#30: exit
2022/06/27 09:56:38 [notice] 31#31: exit
2022/06/27 09:56:38 [notice] 1#1: signal 17 (SIGCHLD) received from 31
2022/06/27 09:56:38 [notice] 1#1: worker process 30 exited with code 0
2022/06/27 09:56:38 [notice] 1#1: worker process 31 exited with code 0
2022/06/27 09:56:38 [notice] 1#1: exit
2023/04/11 19:44:00 [notice] 1#1: using the "epoll" event method
2023/04/11 19:44:00 [notice] 1#1: nginx/1.21.0
2023/04/11 19:44:00 [notice] 1#1: built by gcc 10.2.1 20201203 (Alpine 10.2.1_pre1) 
2023/04/11 19:44:00 [notice] 1#1: OS: Linux 5.15.0-52-generic
2023/04/11 19:44:00 [notice] 1#1: getrlimit(RLIMIT_NOFILE): 1048576:1048576
2023/04/11 19:44:00 [notice] 1#1: start worker processes
2023/04/11 19:44:00 [notice] 1#1: start worker process 30
2023/04/11 19:44:00 [notice] 1#1: start worker process 31
2023/04/11 19:44:00 [notice] 1#1: start worker process 32
2023/04/11 19:44:00 [notice] 1#1: start worker process 33
2023/04/11 22:16:23 [notice] 1#1: signal 3 (SIGQUIT) received, shutting down
2023/04/11 22:16:23 [notice] 31#31: gracefully shutting down
2023/04/11 22:16:23 [notice] 33#33: gracefully shutting down
2023/04/11 22:16:23 [notice] 31#31: exiting
2023/04/11 22:16:23 [notice] 33#33: exiting
2023/04/11 22:16:23 [notice] 31#31: exit
2023/04/11 22:16:23 [notice] 33#33: exit
2023/04/11 22:16:23 [notice] 32#32: gracefully shutting down
2023/04/11 22:16:23 [notice] 30#30: gracefully shutting down
2023/04/11 22:16:23 [notice] 32#32: exiting
2023/04/11 22:16:23 [notice] 30#30: exiting
2023/04/11 22:16:23 [notice] 32#32: exit
2023/04/11 22:16:23 [notice] 30#30: exit
2023/04/11 22:16:23 [notice] 1#1: signal 17 (SIGCHLD) received from 30
2023/04/11 22:16:23 [notice] 1#1: worker process 30 exited with code 0
2023/04/11 22:16:23 [notice] 1#1: worker process 33 exited with code 0
2023/04/11 22:16:23 [notice] 1#1: signal 29 (SIGIO) received
2023/04/11 22:16:23 [notice] 1#1: signal 17 (SIGCHLD) received from 32
2023/04/11 22:16:23 [notice] 1#1: worker process 32 exited with code 0
2023/04/11 22:16:23 [notice] 1#1: worker process 31 exited with code 0
2023/04/11 22:16:23 [notice] 1#1: exit
2023/04/13 16:56:37 [notice] 1#1: using the "epoll" event method
2023/04/13 16:56:37 [notice] 1#1: nginx/1.21.0
2023/04/13 16:56:37 [notice] 1#1: built by gcc 10.2.1 20201203 (Alpine 10.2.1_pre1) 
2023/04/13 16:56:37 [notice] 1#1: OS: Linux 5.15.0-52-generic
2023/04/13 16:56:37 [notice] 1#1: getrlimit(RLIMIT_NOFILE): 1048576:1048576
2023/04/13 16:56:37 [notice] 1#1: start worker processes
2023/04/13 16:56:37 [notice] 1#1: start worker process 31
2023/04/13 16:56:37 [notice] 1#1: start worker process 32
2023/04/13 16:56:37 [notice] 1#1: start worker process 33
2023/04/13 16:56:37 [notice] 1#1: start worker process 34
2023/04/13 21:33:49 [notice] 1#1: signal 3 (SIGQUIT) received, shutting down
2023/04/13 21:33:49 [notice] 31#31: gracefully shutting down
2023/04/13 21:33:49 [notice] 31#31: exiting
2023/04/13 21:33:49 [notice] 31#31: exit
2023/04/13 21:33:49 [notice] 32#32: gracefully shutting down
2023/04/13 21:33:49 [notice] 32#32: exiting
2023/04/13 21:33:49 [notice] 32#32: exit
2023/04/13 21:33:49 [notice] 33#33: gracefully shutting down
2023/04/13 21:33:49 [notice] 33#33: exiting
2023/04/13 21:33:49 [notice] 33#33: exit
2023/04/13 21:33:49 [notice] 34#34: gracefully shutting down
2023/04/13 21:33:49 [notice] 34#34: exiting
2023/04/13 21:33:49 [notice] 34#34: exit
2023/04/13 21:33:49 [notice] 1#1: signal 17 (SIGCHLD) received from 34
2023/04/13 21:33:49 [notice] 1#1: worker process 34 exited with code 0
2023/04/13 21:33:49 [notice] 1#1: signal 29 (SIGIO) received
2023/04/13 21:33:49 [notice] 1#1: signal 17 (SIGCHLD) received from 32
2023/04/13 21:33:49 [notice] 1#1: worker process 32 exited with code 0
2023/04/13 21:33:49 [notice] 1#1: worker process 33 exited with code 0
2023/04/13 21:33:49 [notice] 1#1: signal 29 (SIGIO) received
2023/04/13 21:33:49 [notice] 1#1: signal 17 (SIGCHLD) received from 33
2023/04/13 21:33:49 [notice] 1#1: signal 17 (SIGCHLD) received from 31
2023/04/13 21:33:49 [notice] 1#1: worker process 31 exited with code 0
2023/04/13 21:33:49 [notice] 1#1: exit
2023/04/17 16:52:24 [notice] 1#1: using the "epoll" event method
2023/04/17 16:52:24 [notice] 1#1: nginx/1.21.0
2023/04/17 16:52:24 [notice] 1#1: built by gcc 10.2.1 20201203 (Alpine 10.2.1_pre1) 
2023/04/17 16:52:24 [notice] 1#1: OS: Linux 5.15.0-52-generic
2023/04/17 16:52:24 [notice] 1#1: getrlimit(RLIMIT_NOFILE): 1048576:1048576
2023/04/17 16:52:24 [notice] 1#1: start worker processes
2023/04/17 16:52:24 [notice] 1#1: start worker process 31
2023/04/17 16:52:24 [notice] 1#1: start worker process 32
2023/04/17 16:52:24 [notice] 1#1: start worker process 33
2023/04/17 16:52:24 [notice] 1#1: start worker process 34
2023/04/17 22:13:25 [notice] 1#1: signal 3 (SIGQUIT) received, shutting down
2023/04/17 22:13:25 [notice] 33#33: gracefully shutting down
2023/04/17 22:13:25 [notice] 32#32: gracefully shutting down
2023/04/17 22:13:25 [notice] 33#33: exiting
2023/04/17 22:13:25 [notice] 32#32: exiting
2023/04/17 22:13:25 [notice] 33#33: exit
2023/04/17 22:13:25 [notice] 32#32: exit
2023/04/17 22:13:25 [notice] 34#34: gracefully shutting down
2023/04/17 22:13:25 [notice] 34#34: exiting
2023/04/17 22:13:25 [notice] 34#34: exit
2023/04/17 22:13:25 [notice] 31#31: gracefully shutting down
2023/04/17 22:13:25 [notice] 31#31: exiting
2023/04/17 22:13:25 [notice] 31#31: exit
2023/04/17 22:13:25 [notice] 1#1: signal 17 (SIGCHLD) received from 32
2023/04/17 22:13:25 [notice] 1#1: worker process 32 exited with code 0
2023/04/17 22:13:25 [notice] 1#1: signal 29 (SIGIO) received
2023/04/17 22:13:25 [notice] 1#1: signal 17 (SIGCHLD) received from 31
2023/04/17 22:13:25 [notice] 1#1: worker process 31 exited with code 0
2023/04/17 22:13:25 [notice] 1#1: worker process 33 exited with code 0
2023/04/17 22:13:25 [notice] 1#1: worker process 34 exited with code 0
2023/04/17 22:13:25 [notice] 1#1: exit
2023/04/20 17:31:29 [notice] 1#1: using the "epoll" event method
2023/04/20 17:31:29 [notice] 1#1: nginx/1.21.0
2023/04/20 17:31:29 [notice] 1#1: built by gcc 10.2.1 20201203 (Alpine 10.2.1_pre1) 
2023/04/20 17:31:29 [notice] 1#1: OS: Linux 5.15.0-52-generic
2023/04/20 17:31:29 [notice] 1#1: getrlimit(RLIMIT_NOFILE): 1048576:1048576
2023/04/20 17:31:29 [notice] 1#1: start worker processes
2023/04/20 17:31:29 [notice] 1#1: start worker process 30
2023/04/20 17:31:29 [notice] 1#1: start worker process 31
2023/04/20 17:31:29 [notice] 1#1: start worker process 32
2023/04/20 17:31:29 [notice] 1#1: start worker process 33
2023/04/20 21:28:10 [notice] 1#1: using the "epoll" event method
2023/04/20 21:28:10 [notice] 1#1: nginx/1.21.0
2023/04/20 21:28:10 [notice] 1#1: built by gcc 10.2.1 20201203 (Alpine 10.2.1_pre1) 
2023/04/20 21:28:10 [notice] 1#1: OS: Linux 5.15.0-52-generic
2023/04/20 21:28:10 [notice] 1#1: getrlimit(RLIMIT_NOFILE): 1048576:1048576
2023/04/20 21:28:10 [notice] 1#1: start worker processes
2023/04/20 21:28:10 [notice] 1#1: start worker process 31
2023/04/20 21:28:10 [notice] 1#1: start worker process 32
2023/04/20 21:28:10 [notice] 1#1: start worker process 33
2023/04/20 21:28:10 [notice] 1#1: start worker process 34
2023/04/20 21:36:33 [notice] 1#1: signal 3 (SIGQUIT) received, shutting down
2023/04/20 21:36:33 [notice] 32#32: gracefully shutting down
2023/04/20 21:36:33 [notice] 33#33: gracefully shutting down
2023/04/20 21:36:33 [notice] 32#32: exiting
2023/04/20 21:36:33 [notice] 33#33: exiting
2023/04/20 21:36:33 [notice] 34#34: gracefully shutting down
2023/04/20 21:36:33 [notice] 34#34: exiting
2023/04/20 21:36:33 [notice] 33#33: exit
2023/04/20 21:36:33 [notice] 32#32: exit
2023/04/20 21:36:33 [notice] 34#34: exit
2023/04/20 21:36:33 [notice] 31#31: gracefully shutting down
2023/04/20 21:36:33 [notice] 31#31: exiting
2023/04/20 21:36:33 [notice] 31#31: exit
2023/04/20 21:36:33 [notice] 1#1: signal 17 (SIGCHLD) received from 34
2023/04/20 21:36:33 [notice] 1#1: worker process 34 exited with code 0
2023/04/20 21:36:33 [notice] 1#1: signal 29 (SIGIO) received
2023/04/20 21:36:33 [notice] 1#1: signal 17 (SIGCHLD) received from 32
2023/04/20 21:36:33 [notice] 1#1: worker process 32 exited with code 0
2023/04/20 21:36:33 [notice] 1#1: signal 29 (SIGIO) received
2023/04/20 21:36:33 [notice] 1#1: signal 17 (SIGCHLD) received from 31
2023/04/20 21:36:33 [notice] 1#1: worker process 31 exited with code 0
2023/04/20 21:36:33 [notice] 1#1: worker process 33 exited with code 0
2023/04/20 21:36:33 [notice] 1#1: exit
2023/04/22 16:20:13 [notice] 1#1: using the "epoll" event method
2023/04/22 16:20:13 [notice] 1#1: nginx/1.21.0
2023/04/22 16:20:13 [notice] 1#1: built by gcc 10.2.1 20201203 (Alpine 10.2.1_pre1) 
2023/04/22 16:20:13 [notice] 1#1: OS: Linux 5.15.0-52-generic
2023/04/22 16:20:13 [notice] 1#1: getrlimit(RLIMIT_NOFILE): 1048576:1048576
2023/04/22 16:20:13 [notice] 1#1: start worker processes
2023/04/22 16:20:13 [notice] 1#1: start worker process 31
2023/04/22 16:20:13 [notice] 1#1: start worker process 32
2023/04/22 16:20:13 [notice] 1#1: start worker process 33
2023/04/22 16:20:13 [notice] 1#1: start worker process 34
2023/04/22 18:04:11 [notice] 1#1: signal 3 (SIGQUIT) received, shutting down
2023/04/22 18:04:11 [notice] 32#32: gracefully shutting down
2023/04/22 18:04:11 [notice] 34#34: gracefully shutting down
2023/04/22 18:04:11 [notice] 32#32: exiting
2023/04/22 18:04:11 [notice] 34#34: exiting
2023/04/22 18:04:11 [notice] 34#34: exit
2023/04/22 18:04:11 [notice] 32#32: exit
2023/04/22 18:04:11 [notice] 31#31: gracefully shutting down
2023/04/22 18:04:11 [notice] 33#33: gracefully shutting down
2023/04/22 18:04:11 [notice] 31#31: exiting
2023/04/22 18:04:11 [notice] 31#31: exit
2023/04/22 18:04:11 [notice] 1#1: signal 17 (SIGCHLD) received from 32
2023/04/22 18:04:11 [notice] 1#1: worker process 32 exited with code 0
2023/04/22 18:04:11 [notice] 1#1: signal 29 (SIGIO) received
2023/04/22 18:04:11 [notice] 1#1: signal 17 (SIGCHLD) received from 34
2023/04/22 18:04:11 [notice] 1#1: worker process 31 exited with code 0
2023/04/22 18:04:11 [notice] 1#1: worker process 34 exited with code 0
2023/04/22 18:04:11 [notice] 1#1: signal 29 (SIGIO) received
2023/04/22 18:04:11 [notice] 33#33: exiting
2023/04/22 18:04:11 [notice] 33#33: exit
2023/04/22 18:04:11 [notice] 1#1: signal 17 (SIGCHLD) received from 33
2023/04/22 18:04:11 [notice] 1#1: worker process 33 exited with code 0
2023/04/22 18:04:11 [notice] 1#1: exit
2023/04/22 18:04:20 [notice] 1#1: using the "epoll" event method
2023/04/22 18:04:20 [notice] 1#1: nginx/1.21.0
2023/04/22 18:04:20 [notice] 1#1: built by gcc 10.2.1 20201203 (Alpine 10.2.1_pre1) 
2023/04/22 18:04:20 [notice] 1#1: OS: Linux 5.15.0-52-generic
2023/04/22 18:04:20 [notice] 1#1: getrlimit(RLIMIT_NOFILE): 1048576:1048576
2023/04/22 18:04:20 [notice] 1#1: start worker processes
2023/04/22 18:04:20 [notice] 1#1: start worker process 31
2023/04/22 18:04:20 [notice] 1#1: start worker process 32
2023/04/22 18:04:20 [notice] 1#1: start worker process 33
2023/04/22 18:04:20 [notice] 1#1: start worker process 34
2023/04/22 19:30:32 [notice] 1#1: signal 3 (SIGQUIT) received, shutting down
2023/04/22 19:30:32 [notice] 31#31: gracefully shutting down
2023/04/22 19:30:32 [notice] 32#32: gracefully shutting down
2023/04/22 19:30:32 [notice] 33#33: gracefully shutting down
2023/04/22 19:30:32 [notice] 31#31: exiting
2023/04/22 19:30:32 [notice] 32#32: exiting
2023/04/22 19:30:32 [notice] 33#33: exiting
2023/04/22 19:30:32 [notice] 32#32: exit
2023/04/22 19:30:32 [notice] 33#33: exit
2023/04/22 19:30:32 [notice] 31#31: exit
2023/04/22 19:30:32 [notice] 34#34: gracefully shutting down
2023/04/22 19:30:32 [notice] 34#34: exiting
2023/04/22 19:30:32 [notice] 34#34: exit
2023/04/22 19:30:32 [notice] 1#1: signal 17 (SIGCHLD) received from 32
2023/04/22 19:30:32 [notice] 1#1: worker process 32 exited with code 0
2023/04/22 19:30:32 [notice] 1#1: signal 29 (SIGIO) received
2023/04/22 19:30:32 [notice] 1#1: signal 17 (SIGCHLD) received from 34
2023/04/22 19:30:32 [notice] 1#1: worker process 34 exited with code 0
2023/04/22 19:30:32 [notice] 1#1: signal 29 (SIGIO) received
2023/04/22 19:30:32 [notice] 1#1: signal 17 (SIGCHLD) received from 31
2023/04/22 19:30:32 [notice] 1#1: worker process 31 exited with code 0
2023/04/22 19:30:32 [notice] 1#1: signal 29 (SIGIO) received
2023/04/22 19:30:32 [notice] 1#1: signal 17 (SIGCHLD) received from 33
2023/04/22 19:30:32 [notice] 1#1: worker process 33 exited with code 0
2023/04/22 19:30:32 [notice] 1#1: exit
2023/04/27 18:20:27 [notice] 1#1: using the "epoll" event method
2023/04/27 18:20:27 [notice] 1#1: nginx/1.21.0
2023/04/27 18:20:27 [notice] 1#1: built by gcc 10.2.1 20201203 (Alpine 10.2.1_pre1) 
2023/04/27 18:20:27 [notice] 1#1: OS: Linux 5.15.0-52-generic
2023/04/27 18:20:27 [notice] 1#1: getrlimit(RLIMIT_NOFILE): 1048576:1048576
2023/04/27 18:20:27 [notice] 1#1: start worker processes
2023/04/27 18:20:27 [notice] 1#1: start worker process 30
2023/04/27 18:20:27 [notice] 1#1: start worker process 31
2023/04/27 18:20:27 [notice] 1#1: start worker process 32
2023/04/27 18:20:27 [notice] 1#1: start worker process 33
2023/04/27 21:28:35 [notice] 1#1: signal 3 (SIGQUIT) received, shutting down
2023/04/27 21:28:35 [notice] 32#32: gracefully shutting down
2023/04/27 21:28:35 [notice] 32#32: exiting
2023/04/27 21:28:35 [notice] 32#32: exit
2023/04/27 21:28:35 [notice] 31#31: gracefully shutting down
2023/04/27 21:28:35 [notice] 31#31: exiting
2023/04/27 21:28:35 [notice] 31#31: exit
2023/04/27 21:28:35 [notice] 33#33: gracefully shutting down
2023/04/27 21:28:35 [notice] 33#33: exiting
2023/04/27 21:28:35 [notice] 33#33: exit
2023/04/27 21:28:35 [notice] 30#30: gracefully shutting down
2023/04/27 21:28:35 [notice] 30#30: exiting
2023/04/27 21:28:35 [notice] 30#30: exit
2023/04/27 21:28:35 [notice] 1#1: signal 17 (SIGCHLD) received from 33
2023/04/27 21:28:35 [notice] 1#1: worker process 31 exited with code 0
2023/04/27 21:28:35 [notice] 1#1: worker process 33 exited with code 0
2023/04/27 21:28:35 [notice] 1#1: signal 29 (SIGIO) received
2023/04/27 21:28:35 [notice] 1#1: signal 17 (SIGCHLD) received from 32
2023/04/27 21:28:35 [notice] 1#1: worker process 32 exited with code 0
2023/04/27 21:28:35 [notice] 1#1: signal 29 (SIGIO) received
2023/04/27 21:28:35 [notice] 1#1: signal 17 (SIGCHLD) received from 30
2023/04/27 21:28:35 [notice] 1#1: worker process 30 exited with code 0
2023/04/27 21:28:35 [notice] 1#1: exit
2023/05/01 16:52:01 [notice] 1#1: using the "epoll" event method
2023/05/01 16:52:01 [notice] 1#1: nginx/1.21.0
2023/05/01 16:52:01 [notice] 1#1: built by gcc 10.2.1 20201203 (Alpine 10.2.1_pre1) 
2023/05/01 16:52:01 [notice] 1#1: OS: Linux 5.15.0-52-generic
2023/05/01 16:52:01 [notice] 1#1: getrlimit(RLIMIT_NOFILE): 1048576:1048576
2023/05/01 16:52:01 [notice] 1#1: start worker processes
2023/05/01 16:52:01 [notice] 1#1: start worker process 31
2023/05/01 16:52:01 [notice] 1#1: start worker process 32
2023/05/01 16:52:01 [notice] 1#1: start worker process 33
2023/05/01 16:52:01 [notice] 1#1: start worker process 34
2023/05/01 21:32:04 [notice] 1#1: signal 3 (SIGQUIT) received, shutting down
2023/05/01 21:32:04 [notice] 31#31: gracefully shutting down
2023/05/01 21:32:04 [notice] 33#33: gracefully shutting down
2023/05/01 21:32:04 [notice] 33#33: exiting
2023/05/01 21:32:04 [notice] 31#31: exiting
2023/05/01 21:32:04 [notice] 33#33: exit
2023/05/01 21:32:04 [notice] 31#31: exit
2023/05/01 21:32:04 [notice] 34#34: gracefully shutting down
2023/05/01 21:32:04 [notice] 34#34: exiting
2023/05/01 21:32:04 [notice] 34#34: exit
2023/05/01 21:32:04 [notice] 32#32: gracefully shutting down
2023/05/01 21:32:04 [notice] 32#32: exiting
2023/05/01 21:32:04 [notice] 32#32: exit
2023/05/01 21:32:04 [notice] 1#1: signal 17 (SIGCHLD) received from 31
2023/05/01 21:32:04 [notice] 1#1: worker process 31 exited with code 0
2023/05/01 21:32:04 [notice] 1#1: signal 29 (SIGIO) received
2023/05/01 21:32:04 [notice] 1#1: signal 17 (SIGCHLD) received from 34
2023/05/01 21:32:04 [notice] 1#1: worker process 33 exited with code 0
2023/05/01 21:32:04 [notice] 1#1: worker process 34 exited with code 0
2023/05/01 21:32:04 [notice] 1#1: signal 29 (SIGIO) received
2023/05/01 21:32:04 [notice] 1#1: signal 17 (SIGCHLD) received from 33
2023/05/01 21:32:04 [notice] 1#1: signal 17 (SIGCHLD) received from 32
2023/05/01 21:32:04 [notice] 1#1: worker process 32 exited with code 0
2023/05/01 21:32:04 [notice] 1#1: exit
2023/05/01 21:32:14 [notice] 1#1: using the "epoll" event method
2023/05/01 21:32:14 [notice] 1#1: nginx/1.21.0
2023/05/01 21:32:14 [notice] 1#1: built by gcc 10.2.1 20201203 (Alpine 10.2.1_pre1) 
2023/05/01 21:32:14 [notice] 1#1: OS: Linux 5.15.0-52-generic
2023/05/01 21:32:14 [notice] 1#1: getrlimit(RLIMIT_NOFILE): 1048576:1048576
2023/05/01 21:32:14 [notice] 1#1: start worker processes
2023/05/01 21:32:14 [notice] 1#1: start worker process 31
2023/05/01 21:32:14 [notice] 1#1: start worker process 32
2023/05/01 21:32:14 [notice] 1#1: start worker process 33
2023/05/01 21:32:14 [notice] 1#1: start worker process 34
2023/05/01 21:36:46 [notice] 1#1: signal 3 (SIGQUIT) received, shutting down
2023/05/01 21:36:46 [notice] 34#34: gracefully shutting down
2023/05/01 21:36:46 [notice] 34#34: exiting
2023/05/01 21:36:46 [notice] 34#34: exit
2023/05/01 21:36:46 [notice] 31#31: gracefully shutting down
2023/05/01 21:36:46 [notice] 31#31: exiting
2023/05/01 21:36:46 [notice] 31#31: exit
2023/05/01 21:36:46 [notice] 33#33: gracefully shutting down
2023/05/01 21:36:46 [notice] 33#33: exiting
2023/05/01 21:36:46 [notice] 33#33: exit
2023/05/01 21:36:46 [notice] 32#32: gracefully shutting down
2023/05/01 21:36:46 [notice] 32#32: exiting
2023/05/01 21:36:46 [notice] 32#32: exit
2023/05/01 21:36:46 [notice] 1#1: signal 17 (SIGCHLD) received from 33
2023/05/01 21:36:46 [notice] 1#1: worker process 33 exited with code 0
2023/05/01 21:36:46 [notice] 1#1: signal 29 (SIGIO) received
2023/05/01 21:36:46 [notice] 1#1: signal 17 (SIGCHLD) received from 31
2023/05/01 21:36:46 [notice] 1#1: worker process 31 exited with code 0
2023/05/01 21:36:46 [notice] 1#1: signal 29 (SIGIO) received
2023/05/01 21:36:46 [notice] 1#1: signal 17 (SIGCHLD) received from 32
2023/05/01 21:36:46 [notice] 1#1: worker process 32 exited with code 0
2023/05/01 21:36:46 [notice] 1#1: signal 29 (SIGIO) received
2023/05/01 21:36:46 [notice] 1#1: signal 17 (SIGCHLD) received from 34
2023/05/01 21:36:46 [notice] 1#1: worker process 34 exited with code 0
2023/05/01 21:36:46 [notice] 1#1: exit
2023/05/01 21:36:54 [notice] 1#1: using the "epoll" event method
2023/05/01 21:36:54 [notice] 1#1: nginx/1.21.0
2023/05/01 21:36:54 [notice] 1#1: built by gcc 10.2.1 20201203 (Alpine 10.2.1_pre1) 
2023/05/01 21:36:54 [notice] 1#1: OS: Linux 5.15.0-52-generic
2023/05/01 21:36:54 [notice] 1#1: getrlimit(RLIMIT_NOFILE): 1048576:1048576
2023/05/01 21:36:54 [notice] 1#1: start worker processes
2023/05/01 21:36:54 [notice] 1#1: start worker process 32
2023/05/01 21:36:54 [notice] 1#1: start worker process 33
2023/05/01 21:36:54 [notice] 1#1: start worker process 34
2023/05/01 21:36:54 [notice] 1#1: start worker process 35
2023/05/02 10:06:07 [notice] 1#1: using the "epoll" event method
2023/05/02 10:06:07 [notice] 1#1: nginx/1.21.0
2023/05/02 10:06:07 [notice] 1#1: built by gcc 10.2.1 20201203 (Alpine 10.2.1_pre1) 
2023/05/02 10:06:07 [notice] 1#1: OS: Linux 5.15.0-52-generic
2023/05/02 10:06:07 [notice] 1#1: getrlimit(RLIMIT_NOFILE): 1048576:1048576
2023/05/02 10:06:07 [notice] 1#1: start worker processes
2023/05/02 10:06:07 [notice] 1#1: start worker process 30
2023/05/02 10:06:07 [notice] 1#1: start worker process 31
2023/05/02 10:06:07 [notice] 1#1: start worker process 32
2023/05/02 10:06:07 [notice] 1#1: start worker process 33
2023/05/02 12:36:45 [notice] 1#1: signal 3 (SIGQUIT) received, shutting down
2023/05/02 12:36:45 [notice] 30#30: gracefully shutting down
2023/05/02 12:36:45 [notice] 31#31: gracefully shutting down
2023/05/02 12:36:45 [notice] 32#32: gracefully shutting down
2023/05/02 12:36:45 [notice] 30#30: exiting
2023/05/02 12:36:45 [notice] 31#31: exiting
2023/05/02 12:36:45 [notice] 32#32: exiting
2023/05/02 12:36:45 [notice] 30#30: exit
2023/05/02 12:36:45 [notice] 31#31: exit
2023/05/02 12:36:45 [notice] 32#32: exit
2023/05/02 12:36:45 [notice] 33#33: gracefully shutting down
2023/05/02 12:36:45 [notice] 33#33: exiting
2023/05/02 12:36:45 [notice] 33#33: exit
2023/05/02 12:36:45 [notice] 1#1: signal 17 (SIGCHLD) received from 31
2023/05/02 12:36:45 [notice] 1#1: worker process 31 exited with code 0
2023/05/02 12:36:45 [notice] 1#1: signal 29 (SIGIO) received
2023/05/02 12:36:45 [notice] 1#1: signal 17 (SIGCHLD) received from 33
2023/05/02 12:36:45 [notice] 1#1: worker process 32 exited with code 0
2023/05/02 12:36:45 [notice] 1#1: worker process 33 exited with code 0
2023/05/02 12:36:45 [notice] 1#1: signal 29 (SIGIO) received
2023/05/02 12:36:45 [notice] 1#1: signal 17 (SIGCHLD) received from 30
2023/05/02 12:36:45 [notice] 1#1: worker process 30 exited with code 0
2023/05/02 12:36:45 [notice] 1#1: exit
2023/05/02 18:58:14 [notice] 1#1: using the "epoll" event method
2023/05/02 18:58:14 [notice] 1#1: nginx/1.21.0
2023/05/02 18:58:14 [notice] 1#1: built by gcc 10.2.1 20201203 (Alpine 10.2.1_pre1) 
2023/05/02 18:58:14 [notice] 1#1: OS: Linux 5.15.0-52-generic
2023/05/02 18:58:14 [notice] 1#1: getrlimit(RLIMIT_NOFILE): 1048576:1048576
2023/05/02 18:58:14 [notice] 1#1: start worker processes
2023/05/02 18:58:14 [notice] 1#1: start worker process 31
2023/05/02 18:58:14 [notice] 1#1: start worker process 32
2023/05/02 18:58:14 [notice] 1#1: start worker process 33
2023/05/02 18:58:14 [notice] 1#1: start worker process 34
2023/05/02 20:54:59 [notice] 1#1: signal 3 (SIGQUIT) received, shutting down
2023/05/02 20:54:59 [notice] 32#32: gracefully shutting down
2023/05/02 20:54:59 [notice] 32#32: exiting
2023/05/02 20:54:59 [notice] 34#34: gracefully shutting down
2023/05/02 20:54:59 [notice] 33#33: gracefully shutting down
2023/05/02 20:54:59 [notice] 34#34: exiting
2023/05/02 20:54:59 [notice] 33#33: exiting
2023/05/02 20:54:59 [notice] 32#32: exit
2023/05/02 20:54:59 [notice] 34#34: exit
2023/05/02 20:54:59 [notice] 33#33: exit
2023/05/02 20:54:59 [notice] 31#31: gracefully shutting down
2023/05/02 20:54:59 [notice] 31#31: exiting
2023/05/02 20:54:59 [notice] 31#31: exit
2023/05/02 20:54:59 [notice] 1#1: signal 17 (SIGCHLD) received from 34
2023/05/02 20:54:59 [notice] 1#1: worker process 31 exited with code 0
2023/05/02 20:54:59 [notice] 1#1: worker process 34 exited with code 0
2023/05/02 20:54:59 [notice] 1#1: signal 29 (SIGIO) received
2023/05/02 20:54:59 [notice] 1#1: signal 17 (SIGCHLD) received from 32
2023/05/02 20:54:59 [notice] 1#1: worker process 32 exited with code 0
2023/05/02 20:54:59 [notice] 1#1: signal 29 (SIGIO) received
2023/05/02 20:54:59 [notice] 1#1: signal 17 (SIGCHLD) received from 33
2023/05/02 20:54:59 [notice] 1#1: worker process 33 exited with code 0
2023/05/02 20:54:59 [notice] 1#1: exit
2023/05/08 12:31:48 [notice] 1#1: using the "epoll" event method
2023/05/08 12:31:48 [notice] 1#1: nginx/1.21.0
2023/05/08 12:31:48 [notice] 1#1: built by gcc 10.2.1 20201203 (Alpine 10.2.1_pre1) 
2023/05/08 12:31:48 [notice] 1#1: OS: Linux 5.15.0-52-generic
2023/05/08 12:31:48 [notice] 1#1: getrlimit(RLIMIT_NOFILE): 1048576:1048576
2023/05/08 12:31:48 [notice] 1#1: start worker processes
2023/05/08 12:31:48 [notice] 1#1: start worker process 32
2023/05/08 12:31:48 [notice] 1#1: start worker process 33
2023/05/08 12:31:48 [notice] 1#1: start worker process 34
2023/05/08 12:31:48 [notice] 1#1: start worker process 35
2023/05/08 13:01:12 [notice] 1#1: signal 3 (SIGQUIT) received, shutting down
2023/05/08 13:01:12 [notice] 33#33: gracefully shutting down
2023/05/08 13:01:12 [notice] 35#35: gracefully shutting down
2023/05/08 13:01:12 [notice] 33#33: exiting
2023/05/08 13:01:12 [notice] 34#34: gracefully shutting down
2023/05/08 13:01:12 [notice] 35#35: exiting
2023/05/08 13:01:12 [notice] 34#34: exiting
2023/05/08 13:01:12 [notice] 33#33: exit
2023/05/08 13:01:12 [notice] 35#35: exit
2023/05/08 13:01:12 [notice] 34#34: exit
2023/05/08 13:01:12 [notice] 32#32: gracefully shutting down
2023/05/08 13:01:12 [notice] 32#32: exiting
2023/05/08 13:01:12 [notice] 32#32: exit
2023/05/08 13:01:12 [notice] 1#1: signal 17 (SIGCHLD) received from 34
2023/05/08 13:01:12 [notice] 1#1: worker process 34 exited with code 0
2023/05/08 13:01:12 [notice] 1#1: signal 29 (SIGIO) received
2023/05/08 13:01:12 [notice] 1#1: signal 17 (SIGCHLD) received from 35
2023/05/08 13:01:12 [notice] 1#1: worker process 32 exited with code 0
2023/05/08 13:01:12 [notice] 1#1: worker process 35 exited with code 0
2023/05/08 13:01:12 [notice] 1#1: signal 29 (SIGIO) received
2023/05/08 13:01:12 [notice] 1#1: signal 17 (SIGCHLD) received from 32
2023/05/08 13:01:12 [notice] 1#1: signal 17 (SIGCHLD) received from 33
2023/05/08 13:01:12 [notice] 1#1: worker process 33 exited with code 0
2023/05/08 13:01:12 [notice] 1#1: exit
2023/05/08 13:01:19 [notice] 1#1: using the "epoll" event method
2023/05/08 13:01:19 [notice] 1#1: nginx/1.21.0
2023/05/08 13:01:19 [notice] 1#1: built by gcc 10.2.1 20201203 (Alpine 10.2.1_pre1) 
2023/05/08 13:01:19 [notice] 1#1: OS: Linux 5.15.0-52-generic
2023/05/08 13:01:19 [notice] 1#1: getrlimit(RLIMIT_NOFILE): 1048576:1048576
2023/05/08 13:01:19 [notice] 1#1: start worker processes
2023/05/08 13:01:19 [notice] 1#1: start worker process 31
2023/05/08 13:01:19 [notice] 1#1: start worker process 32
2023/05/08 13:01:19 [notice] 1#1: start worker process 33
2023/05/08 13:01:19 [notice] 1#1: start worker process 34
2023/05/08 13:30:40 [notice] 1#1: signal 3 (SIGQUIT) received, shutting down
2023/05/08 13:30:40 [notice] 32#32: gracefully shutting down
2023/05/08 13:30:40 [notice] 34#34: gracefully shutting down
2023/05/08 13:30:40 [notice] 33#33: gracefully shutting down
2023/05/08 13:30:40 [notice] 34#34: exiting
2023/05/08 13:30:40 [notice] 33#33: exiting
2023/05/08 13:30:40 [notice] 32#32: exiting
2023/05/08 13:30:40 [notice] 33#33: exit
2023/05/08 13:30:40 [notice] 32#32: exit
2023/05/08 13:30:40 [notice] 34#34: exit
2023/05/08 13:30:40 [notice] 31#31: gracefully shutting down
2023/05/08 13:30:40 [notice] 31#31: exiting
2023/05/08 13:30:40 [notice] 31#31: exit
2023/05/08 13:30:40 [notice] 1#1: signal 17 (SIGCHLD) received from 33
2023/05/08 13:30:40 [notice] 1#1: worker process 33 exited with code 0
2023/05/08 13:30:40 [notice] 1#1: signal 29 (SIGIO) received
2023/05/08 13:30:40 [notice] 1#1: signal 17 (SIGCHLD) received from 34
2023/05/08 13:30:40 [notice] 1#1: worker process 31 exited with code 0
2023/05/08 13:30:40 [notice] 1#1: worker process 34 exited with code 0
2023/05/08 13:30:40 [notice] 1#1: signal 29 (SIGIO) received
2023/05/08 13:30:40 [notice] 1#1: signal 17 (SIGCHLD) received from 32
2023/05/08 13:30:40 [notice] 1#1: worker process 32 exited with code 0
2023/05/08 13:30:40 [notice] 1#1: exit
2023/05/24 21:42:22 [notice] 1#1: using the "epoll" event method
2023/05/24 21:42:22 [notice] 1#1: nginx/1.21.0
2023/05/24 21:42:22 [notice] 1#1: built by gcc 10.2.1 20201203 (Alpine 10.2.1_pre1) 
2023/05/24 21:42:22 [notice] 1#1: OS: Linux 5.15.0-52-generic
2023/05/24 21:42:22 [notice] 1#1: getrlimit(RLIMIT_NOFILE): 1048576:1048576
2023/05/24 21:42:22 [notice] 1#1: start worker processes
2023/05/24 21:42:22 [notice] 1#1: start worker process 31
2023/05/24 21:42:22 [notice] 1#1: start worker process 32
2023/05/24 21:42:22 [notice] 1#1: start worker process 33
2023/05/24 21:42:22 [notice] 1#1: start worker process 34
2023/05/24 22:06:40 [notice] 1#1: signal 3 (SIGQUIT) received, shutting down
2023/05/24 22:06:40 [notice] 31#31: gracefully shutting down
2023/05/24 22:06:40 [notice] 34#34: gracefully shutting down
2023/05/24 22:06:40 [notice] 31#31: exiting
2023/05/24 22:06:40 [notice] 34#34: exiting
2023/05/24 22:06:40 [notice] 31#31: exit
2023/05/24 22:06:40 [notice] 34#34: exit
2023/05/24 22:06:40 [notice] 33#33: gracefully shutting down
2023/05/24 22:06:40 [notice] 33#33: exiting
2023/05/24 22:06:40 [notice] 33#33: exit
2023/05/24 22:06:40 [notice] 32#32: gracefully shutting down
2023/05/24 22:06:40 [notice] 32#32: exiting
2023/05/24 22:06:40 [notice] 32#32: exit
2023/05/24 22:06:40 [notice] 1#1: signal 17 (SIGCHLD) received from 33
2023/05/24 22:06:40 [notice] 1#1: worker process 32 exited with code 0
2023/05/24 22:06:40 [notice] 1#1: worker process 33 exited with code 0
2023/05/24 22:06:40 [notice] 1#1: worker process 34 exited with code 0
2023/05/24 22:06:40 [notice] 1#1: signal 29 (SIGIO) received
2023/05/24 22:06:40 [notice] 1#1: signal 17 (SIGCHLD) received from 31
2023/05/24 22:06:40 [notice] 1#1: worker process 31 exited with code 0
2023/05/24 22:06:40 [notice] 1#1: exit
2023/05/24 22:06:49 [notice] 1#1: using the "epoll" event method
2023/05/24 22:06:49 [notice] 1#1: nginx/1.21.0
2023/05/24 22:06:49 [notice] 1#1: built by gcc 10.2.1 20201203 (Alpine 10.2.1_pre1) 
2023/05/24 22:06:49 [notice] 1#1: OS: Linux 5.15.0-52-generic
2023/05/24 22:06:49 [notice] 1#1: getrlimit(RLIMIT_NOFILE): 1048576:1048576
2023/05/24 22:06:49 [notice] 1#1: start worker processes
2023/05/24 22:06:49 [notice] 1#1: start worker process 31
2023/05/24 22:06:49 [notice] 1#1: start worker process 32
2023/05/24 22:06:49 [notice] 1#1: start worker process 33
2023/05/24 22:06:49 [notice] 1#1: start worker process 34
